\c:1595058799,s:rPiAIS001*35\!AIVDM,1,1,,B,13L?GoP0001UocHRURJ2p7@`0D0g,0*55
\c:1595058801,s:rPiAIS001*3B\!AIVDM,1,1,,A,402<HTQvAq7mD1V?UDRS3rO020S:,0*24
\c:1595058802,s:rPiAIS001*38\!AIVDM,1,1,,A,33L?Jp5000QUdk>RU6JmRlVb0Dgr,0*22
\c:1595058804,s:rPiAIS001*3E\!AIVDM,1,1,,B,13LBkeP0001UnFLRUMT7P77p0PT5,0*4F
\c:1595058804,s:rPiAIS001*3E\!AIVDM,1,1,,B,402<HTQvAq7mG1V?UDRS3r?020S:,0*54
\c:1595058804,s:rPiAIS001*3E\!AIVDM,1,1,,A,13LAv:00001Uo?BRUPwna1Lj04sD,0*18
\c:1595058805,s:rPiAIS001*3F\!AIVDM,1,1,,A,13L?GjS0001UhKhRU8gqc7Nl08>n,0*31
\c:1595058807,s:rPiAIS001*3D\!AIVDM,1,1,,A,402<HTQvAq7mK1V?UJRS3r?020S:,0*55
\c:1595058811,s:rPiAIS001*3A\!AIVDM,1,1,,B,402<HTQvAq7mN1V?UVRS3qw020S:,0*04
\c:1595058811,s:rPiAIS001*3A\!AIVDM,1,1,,A,13L?GtPP001Uo1LRUP7P0?w00<0i,0*3F
\c:1595058813,s:rPiAIS001*38\!AIVDM,1,1,,B,13LBa30000QUd`8RU4n0Nj3004sD,0*3A
\c:1595058814,s:rPiAIS001*3F\!AIVDM,1,1,,A,402<HTQvAq7mQ1V?UlRS3r?020S:,0*69
\c:1595058815,s:rPiAIS001*3E\!AIVDM,1,1,,A,13LBkePP@01UnFLRUMT7P77p0hDW,0*16
\c:1595058815,s:rPiAIS001*3E\!AIVDM,1,1,,B,13LAv:00001Uo@2RUPs6a1M80@Dr,0*6E
\c:1595058817,s:rPiAIS001*3C\!AIVDM,1,1,,A,ENjEUAb92TV0W22a@;4a::PV0000h>>jAOJQ800000BP10,4*5B
\c:1595058817,s:rPiAIS001*3C\!AIVDM,1,1,,A,ENjEGV09bWVRW@62TU7W0P000000g`jrA0vRp00000BP00,4*25
\c:1595058817,s:rPiAIS001*3C\!AIVDM,1,1,,B,402<HTQvAq7mU1V?V0RS3rO020S:,0*41
\c:1595058819,s:rPiAIS001*32\!AIVDM,1,1,,B,13L?GoP0011UocHRURJ90GC>08Fu,0*2A
\c:1595058821,s:rPiAIS001*39\!AIVDM,1,1,,A,402<HTQvAq7m`1V?V8RS3rg020S:,0*57
\c:1595058823,s:rPiAIS001*3B\!AIVDM,1,1,,A,13L?GjS0001UhL:RU8eF0oOH04sD,0*14
\c:1595058824,s:rPiAIS001*3C\!AIVDM,1,1,,B,402<HTQvAq7mc1V?VDRS3sw020S:,0*3A
\c:1595058824,s:rPiAIS001*3C\!AIVDM,1,1,,B,D02<HTPf@B?a6DE6D0,4*58
\c:1595058825,s:rPiAIS001*3D\!AIVDM,1,1,,A,D02<HTPUpB?a6DE6D0,4*58
\c:1595058825,s:rPiAIS001*3D\!AIVDM,1,1,,B,13LBkeP0001UnFLRUMT7P77p0d0m,0*47
\g:1-2-151,c:1595058827,s:rPiAIS001*78\!AIVDM,2,1,7,A,8@2<HVh0BkJs3PW844SrRiSPKs8JGwefwwwwwwwwwwwwwwwwwwwwwwww,0*5E
\g:2-2-151*42\!AIVDM,2,2,7,A,wt0,2*20
\c:1595058827,s:rPiAIS001*3F\!AIVDM,1,1,,A,402<HTQvAq7mg1V?VNRS3tg020S:,0*20
\c:1595058830,s:rPiAIS001*39\!AIVDM,1,1,,A,33Kch>50001UhlbRU9bDc7ER0Dh:,0*22
\c:1595058831,s:rPiAIS001*38\!AIVDM,1,1,,B,402<HTQvAq7mj1V?VVRS3u?020S:,0*6F
\c:1595058832,s:rPiAIS001*3B\!AIVDM,1,1,,A,13L?GtPP001Uo1VRUP800?w`04sD,0*7C
\c:1595058832,s:rPiAIS001*3B\!AIVDM,1,1,,B,13LBa30000QUd`8RU4n>31wV04sD,0*30
\c:1595058833,s:rPiAIS001*3A\!AIVDM,1,1,,B,13LAv:00001Uo?6RUQ0Va1Md08OT,0*3E
\c:1595058834,s:rPiAIS001*3D\!AIVDM,1,1,,A,402<HTQvAq7mm1V?VbRS3u?020S:,0*5F
\c:1595058835,s:rPiAIS001*3C\!AIVDM,1,1,,B,13L?GjS0001UhLDRU8d=JoQh0@Pi,0*2D
\c:1595058837,s:rPiAIS001*3E\!AIVDM,1,1,,A,ENjEUA;40W5Wh77hHp0000000000lK92A78e800000L010,4*52
\c:1595058837,s:rPiAIS001*3E\!AIVDM,1,1,,B,402<HTQvAq7mq1V?VjRS3ug020S:,0*10
\c:1595058837,s:rPiAIS001*3E\!AIVDM,1,1,,A,ENjEUAJaUWV2;4Uh;FPTaP000000rN7rA;Wlp00000L010,4*20
\c:1595058838,s:rPiAIS001*31\!AIVDM,1,1,,A,ENjEUBKc0ab90h10V5PW@;FPTaP0qu15A;nqH00000L000,4*57
\c:1595058838,s:rPiAIS001*31\!AIVDM,1,1,,A,ENjEUB;:V5WVPb0V0h;FPTaP0000qmi5A;:VH00000L000,4*64
\g:1-2-152,c:1595058838,s:rPiAIS001*75\!AIVDM,2,1,8,A,8@2<HW@0BkhN`0dq34SrS1jkFS2s7we>wwwwwwwwwwwwwwwwwwwwwwww,0*44
\g:2-2-152*41\!AIVDM,2,2,8,A,wt0,2*2F
\c:1595058839,s:rPiAIS001*30\!AIVDM,1,1,,B,13L?GoP1h11UocHRURJ28GD004sH,0*7D
\c:1595058841,s:rPiAIS001*3F\!AIVDM,1,1,,A,402<HTQvAq7n01V?VnRS3uO024sH,0*2B
\c:1595058844,s:rPiAIS001*3A\!AIVDM,1,1,,B,402<HTQvAq7n31V?VrRS3uO024sH,0*37
\c:1595058844,s:rPiAIS001*3A\!AIVDM,1,1,,A,13LAv:00001UoA4RUPm6a1L:04sH,0*0E
\c:1595058845,s:rPiAIS001*3B\!AIVDM,1,1,,B,13LBkeP0001UnFLRUMT7P77p0h3H,0*6D
\c:1595058847,s:rPiAIS001*39\!AIVDM,1,1,,A,402<HTQvAq7n71V?VrRS3ug024sH,0*18
\c:1595058847,s:rPiAIS001*39\!AIVDM,1,1,,B,B3KJ1H0008IMcn8aG?UlWwSUoP06,0*2A
\g:1-2-153,c:1595058848,s:rPiAIS001*73\!AIVDM,2,1,9,A,8@2<HVh0BkNGj0VOsdSrSAs6Gc8aOwebwwwwwwwwwwwwwwwwwwwwwwww,0*6C
\g:2-2-153*40\!AIVDM,2,2,9,A,wt0,2*2E
\c:1595058849,s:rPiAIS001*37\!AIVDM,1,1,,A,13L?GoP0001UocHRURJ2pGDB0<0g,0*78
\c:1595058850,s:rPiAIS001*3F\!AIVDM,1,1,,B,B3KHw0P008IM?88aEsOHGwTUoP06,0*1B
\c:1595058851,s:rPiAIS001*3E\!AIVDM,1,1,,B,402<HTQvAq7n:1V?VnRS3ug024sH,0*0A
\c:1595058852,s:rPiAIS001*3D\!AIVDM,1,1,,A,13L?GtPP001Uo1@RUP7P0?vJ04sH,0*22
\c:1595058854,s:rPiAIS001*3B\!AIVDM,1,1,,B,33LBa30000QUdWvRU4n;m20J00<C,0*04
\c:1595058854,s:rPiAIS001*3B\!AIVDM,1,1,,B,13LAv:00001Uo>4RUQ76a1LN088I,0*1B
\c:1595058854,s:rPiAIS001*3B\!AIVDM,1,1,,A,402<HTQvAq7n=1V?VfRS3uO024sH,0*2E
\c:1595058854,s:rPiAIS001*3B\!AIVDM,1,1,,B,D02<HTQlTB?b<`E6D0,4*6A
\c:1595058854,s:rPiAIS001*3B\!AIVDM,1,1,,B,13L?GjS0001UhLDRU8e;BGNN04sH,0*45
\c:1595058855,s:rPiAIS001*3A\!AIVDM,1,1,,A,D02<HTQd<B?b<`E6D0,4*09
\c:1595058857,s:rPiAIS001*38\!AIVDM,1,1,,B,402<HTQvAq7nA1V?VPRS3uO024sH,0*67
\c:1595058858,s:rPiAIS001*37\!AIVDM,1,1,,B,B3KKWu0008IJWS8aCbwQ3wa1nDMJ,0*1E
\g:1-2-154,c:1595058858,s:rPiAIS001*75\!AIVDM,2,1,1,A,8@2<HW@0Bkf:<0dtu4SrUC2wGs4;?weBwwwwwwwwwwwwwwwwwwwwwwww,0*03
\g:2-2-154*47\!AIVDM,2,2,1,A,wt0,2*26
\c:1595058859,s:rPiAIS001*36\!AIVDM,1,1,,B,13L?GoP0001UocHRURJ=vWD`0@;K,0*1B
\c:1595058861,s:rPiAIS001*3D\!AIVDM,1,1,,A,402<HTQvAq7nD1V?VLRS3ug024sH,0*55
\c:1595058863,s:rPiAIS001*3F\!AIVDM,1,1,,B,B3KGTWP008IJL0`aCW>hSwcUoP06,0*24
\c:1595058863,s:rPiAIS001*3F\!AIVDM,1,1,,B,B3P=gvP008IMAO8aF63H;wcUoP06,0*5B
\c:1595058864,s:rPiAIS001*38\!AIVDM,1,1,,B,402<HTQvAq7nG1V?VBRS3uw024sH,0*4B
\c:1595058864,s:rPiAIS001*38\!AIVDM,1,1,,A,13LAv:00001Uo?<RUQ0Va1Lj00S1,0*49
\c:1595058865,s:rPiAIS001*39\!AIVDM,1,1,,A,13L?GjS0001UhLJRU8dq;7Nl04sH,0*28
\c:1595058865,s:rPiAIS001*39\!AIVDM,1,1,,B,13LBkeP0001UnFLRUMT7P77p0p>w,0*47
\c:1595058867,s:rPiAIS001*3B\!AIVDM,1,1,,A,402<HTQvAq7nK1V?V>RS3vO024sH,0*03
\g:1-2-155,c:1595058868,s:rPiAIS001*77\!AIVDM,2,1,2,A,8@2<HVh0BkOrj0W0I4SrTRK;Ik5aWweVwwwwwwwwwwwwwwwwwwwwwwww,0*41
\g:2-2-155*46\!AIVDM,2,2,2,A,wt0,2*25
\c:1595058871,s:rPiAIS001*3C\!AIVDM,1,1,,B,402<HTQvAq7nN1V?V>RS3w?024sH,0*74
\c:1595058871,s:rPiAIS001*3C\!AIVDM,1,1,,A,13L?GtPP001Uo0vRUP8h0?w008BP,0*7C
\c:1595058873,s:rPiAIS001*3E\!AIVDM,1,1,,B,13LBa30002QUd`8RU4n4mAw00004,0*47
\c:1595058874,s:rPiAIS001*39\!AIVDM,1,1,,A,402<HTQvAq7nQ1V?V<RS3ww024sH,0*22
\g:1-2-156,c:1595058874,s:rPiAIS001*79\!AIVDM,2,1,3,A,538cHT41u:pGD8mOB21@PE@U>22222222222220l28o794@P0>B@i@TQ,0*4A
\g:2-2-156*45\!AIVDM,2,2,3,A,@BiD`0j8=t`8880,2*1B
\c:1595058875,s:rPiAIS001*38\!AIVDM,1,1,,A,13LBkePOh01UnFNRUMT7P77p0d0k,0*67
\c:1595058875,s:rPiAIS001*38\!AIVDM,1,1,,B,33LBWO5P001Ue3`RU6J00?w40000,0*03
\c:1595058875,s:rPiAIS001*38\!AIVDM,1,1,,B,13L?GjS0001UhLJRU8dbHoO80<0k,0*2E
\c:1595058875,s:rPiAIS001*38\!AIVDM,1,1,,B,13LAv:00001Uo?<RUQ0Va1M80<0e,0*22
\c:1595058877,s:rPiAIS001*3A\!AIVDM,1,1,,B,402<HTQvAq7nU1V?V:RS40w024sH,0*63
\c:1595058877,s:rPiAIS001*3A\!AIVDM,1,1,,A,ENjEUAb92TV0W22a@;4a::PV0000h>>jAOJQ800000BP10,4*5B
\c:1595058878,s:rPiAIS001*35\!AIVDM,1,1,,A,ENjEGV09bWVRW@62TU7W0P000000g`jrA0vRp00000BP00,4*25
\c:1595058879,s:rPiAIS001*34\!AIVDM,1,1,,B,13L?GoP0011UocHRURJ997C>04sH,0*57
\g:1-2-157,c:1595058879,s:rPiAIS001*75\!AIVDM,2,1,4,A,8@2<HW@0BkdhF0dcH4Ss4RcEJk89?weBwwwwwwwwwwwwwwwwwwwwwwww,0*0F
\g:2-2-157*44\!AIVDM,2,2,4,A,wt0,2*23
\c:1595058883,s:rPiAIS001*31\!AIVDM,1,1,,A,B3KIuKP00HIJG>8aC>CQ3wmUoP06,0*7A
\c:1595058884,s:rPiAIS001*36\!AIVDM,1,1,,B,402<HTQvAq7nc1V?V6RS42?024sH,0*13
\c:1595058884,s:rPiAIS001*36\!AIVDM,1,1,,B,D02<HTPf@B?a6DE6D0,4*58
\g:1-2-158,c:1595058884,s:rPiAIS001*78\!AIVDM,2,1,5,B,53LBkeP1VSOptMAP000dtd58000000000000000t1hC4540007EE3p0D,0*74
\g:2-2-158*4B\!AIVDM,2,2,5,B,Q@@000000000000,2*43
\c:1595058885,s:rPiAIS001*37\!AIVDM,1,1,,A,D02<HTPUpB?a6DE6D0,4*58
\c:1595058887,s:rPiAIS001*35\!AIVDM,1,1,,A,402<HTQvAq7ng1V?V2RS43?024sH,0*11
\g:1-2-159,c:1595058889,s:rPiAIS001*74\!AIVDM,2,1,6,A,8@2<HVh0GhW8nqeMG:Ani@mgFPHeAuForOl?wnSwe7wvlOwwsAwwnSGm,0*05
\g:2-2-159*4A\!AIVDM,2,2,6,A,wvh0,0*49
\g:1-2-160,c:1595058889,s:rPiAIS001*7E\!AIVDM,2,1,7,A,8@2<HVh0BkQdbhW8wtSs323CKk2bGweVwwwwwwwwwwwwwwwwwwwwwwww,0*7A
\g:2-2-160*40\!AIVDM,2,2,7,A,wt0,2*20
\c:1595058891,s:rPiAIS001*32\!AIVDM,1,1,,B,402<HTQvAq7nj1V?UtRS43O024sH,0*2A
\c:1595058892,s:rPiAIS001*31\!AIVDM,1,1,,A,13L?GtPP001Uo0nRUP:00?w`00Rg,0*41
\c:1595058893,s:rPiAIS001*30\!AIVDM,1,1,,B,13LAv:00001Uo?:RUQ0Va1Md04sH,0*1E
\c:1595058894,s:rPiAIS001*37\!AIVDM,1,1,,A,13LBkeP0001UnFNRUMT7P77p0W3h,0*73
\c:1595058894,s:rPiAIS001*37\!AIVDM,1,1,,A,402<HTQvAq7nm1V?UpRS43O024sH,0*2A
\c:1595058895,s:rPiAIS001*36\!AIVDM,1,1,,B,13L?GjS0001UhLDRU8dmrGOh0<0k,0*6D
\c:1595058897,s:rPiAIS001*34\!AIVDM,1,1,,B,33KTGT50001UdmdRU5r6=:7h0000,0*0B
\c:1595058897,s:rPiAIS001*34\!AIVDM,1,1,,B,402<HTQvAq7nq1V?UnRS43O024sH,0*2B
\c:1595058899,s:rPiAIS001*3A\!AIVDM,1,1,,B,13L?GoP0001UocHRURJ0e7B000RU,0*34
\g:1-2-161,c:1595058900,s:rPiAIS001*7F\!AIVDM,2,1,8,A,8@2<HW@0Bkb<B0akj4Ss42SGJS98GweBwwwwwwwwwwwwwwwwwwwwwwww,0*68
\g:2-2-161*41\!AIVDM,2,2,8,A,wt0,2*2F
\c:1595058901,s:rPiAIS001*3A\!AIVDM,1,1,,A,402<HTQvAq7o01V?UnRS43O020S:,0*3E
\c:1595058902,s:rPiAIS001*39\!AIVDM,1,1,,B,13L?GtPP001Uo0dRUP:@0?v60<0i,0*0F
\c:1595058903,s:rPiAIS001*38\!AIVDM,1,1,,A,33KvW@5000QUIttRULqD6hD60DV:,0*0E
\c:1595058904,s:rPiAIS001*3F\!AIVDM,1,1,,B,402<HTQvAq7o31V?UpRS43O020S:,0*20
\c:1595058904,s:rPiAIS001*3F\!AIVDM,1,1,,A,13LAv:00001Uo?8RUQ0Va1L:00S6,0*1A
\c:1595058905,s:rPiAIS001*3E\!AIVDM,1,1,,B,13LBkeP0001UnFNRUMT7P77p0d0k,0*43
\c:1595058907,s:rPiAIS001*3C\!AIVDM,1,1,,A,402<HTQvAq7o71V?UvRS43O020S:,0*21
\c:1595058909,s:rPiAIS001*32\!AIVDM,1,1,,A,13L?GoP1@01UocHRURJ=VWBB085F,0*16
\g:1-2-162,c:1595058909,s:rPiAIS001*75\!AIVDM,2,1,9,A,8@2<HVh0BkM75P`MKTSs2iRfEk7:gwebwwwwwwwwwwwwwwwwwwwwwwww,0*53
\g:2-2-162*42\!AIVDM,2,2,9,A,wt0,2*2E
\c:1595058911,s:rPiAIS001*3B\!AIVDM,1,1,,B,402<HTQvAq7o:1V?V2RS43O020S:,0*68
\c:1595058911,s:rPiAIS001*3B\!AIVDM,1,1,,B,33LBWGU000QUdvRRU5grcAbD0P00,0*59
\c:1595058912,s:rPiAIS001*38\!AIVDM,1,1,,B,B47=qsP008IMC48aF<CQ2LUQnDBb,0*01
\c:1595058912,s:rPiAIS001*38\!AIVDM,1,1,,A,13L?GtPP001Uo0lRUP:h0?vJ00Rh,0*3F
\c:1595058914,s:rPiAIS001*3E\!AIVDM,1,1,,B,13LAv:00001Uo?8RUQ0Va1LN04sL,0*33
\c:1595058914,s:rPiAIS001*3E\!AIVDM,1,1,,A,402<HTQvAq7o=1V?V4RS43O020S:,0*6A
\c:1595058914,s:rPiAIS001*3E\!AIVDM,1,1,,B,D02<HTQlTB?b<`E6D0,4*6A
\c:1595058914,s:rPiAIS001*3E\!AIVDM,1,1,,B,13L?GjS0001UhL6RU8fC<7NN00SU,0*7B
\c:1595058915,s:rPiAIS001*3F\!AIVDM,1,1,,A,D02<HTQd<B?b<`E6D0,4*09
\c:1595058917,s:rPiAIS001*3D\!AIVDM,1,1,,B,402<HTQvAq7oA1V?V4RS43O020S:,0*15
\c:1595058918,s:rPiAIS001*32\!AIVDM,1,1,,B,B3KNcg0008IKrA`a@Mp03w`UkP06,0*6C
\c:1595058918,s:rPiAIS001*32\!AIVDM,1,1,,B,H3KNcg0584p0000000000000000,2*24
\c:1595058919,s:rPiAIS001*33\!AIVDM,1,1,,B,H3KNcg4U4I138D0?8phjl01@4320,0*50
\c:1595058919,s:rPiAIS001*33\!AIVDM,1,1,,B,13L?GoP1@01UocHRURJ83GB`0<0f,0*66
\c:1595058919,s:rPiAIS001*33\!AIVDM,1,1,,A,338cHT5P00QUdqjRU?Vh9OvT0D`r,0*4B
\g:1-2-163,c:1595058920,s:rPiAIS001*7F\!AIVDM,2,1,1,A,8@2<HW@0BkaMJ0a>c4SsT2CEJS59gweFwwwwwwwwwwwwwwwwwwwwwwww,0*1C
\g:2-2-163*43\!AIVDM,2,2,1,A,wt0,2*26
\c:1595058921,s:rPiAIS001*38\!AIVDM,1,1,,B,H3KJ1H1@5HT0000000000000000,2*7C
\c:1595058924,s:rPiAIS001*3D\!AIVDM,1,1,,B,402<HTQvAq7oG1V?V2RS43O020S:,0*15
\c:1595058924,s:rPiAIS001*3D\!AIVDM,1,1,,A,13LAv:00001Uo?:RUQ0Fa1Lj0D0e,0*1C
\c:1595058925,s:rPiAIS001*3C\!AIVDM,1,1,,B,33LBQe50001Uc2@RU=PsF0nj0E1:,0*7A
\c:1595058925,s:rPiAIS001*3C\!AIVDM,1,1,,B,13LBkeP0001UnFLRUMT7P77p0l0i,0*4B
\c:1595058927,s:rPiAIS001*3E\!AIVDM,1,1,,A,402<HTQvAq7oK1V?V2RS42w020S:,0*23
\c:1595058928,s:rPiAIS001*31\!AIVDM,1,1,,A,H3KHw0PE=@DhhD0000000000000,2*43
\c:1595058931,s:rPiAIS001*39\!AIVDM,1,1,,B,402<HTQvAq7oN1V?V2RS42?020S:,0*6D
\c:1595058931,s:rPiAIS001*39\!AIVDM,1,1,,A,13L?GtPP001Uo14RUP<00?w004sL,0*42
\c:1595058932,s:rPiAIS001*3A\!AIVDM,1,1,,B,H3KJ1H4UCBD5s3J?:jhji01p?330,0*47
\c:1595058934,s:rPiAIS001*3C\!AIVDM,1,1,,A,402<HTQvAq7oQ1V?V2RS41w020S:,0*3A
\c:1595058935,s:rPiAIS001*3D\!AIVDM,1,1,,A,13LBkeP0001UnFLRUMT7P75p0`DW,0*0C
\c:1595058935,s:rPiAIS001*3D\!AIVDM,1,1,,B,13L?GjS0001UhLHRU8f7D7O808De,0*51
\c:1595058935,s:rPiAIS001*3D\!AIVDM,1,1,,B,13LAv:00001Uo?:RUQ0Fa1K808Dr,0*55
\g:1-2-164,c:1595058937,s:rPiAIS001*7E\!AIVDM,2,1,2,A,53KTGT01lQGDtK?7301@DhE045A@T0000000000Q38B445R;06m5DRm@,0*4B
\g:2-2-164*44\!AIVDM,2,2,2,A,000000000000000,2*26
\c:1595058937,s:rPiAIS001*3F\!AIVDM,1,1,,A,ENjEUAb92TV0W22a@;4a::PV0000h>>jAOJQ800000BP10,4*5B
\c:1595058937,s:rPiAIS001*3F\!AIVDM,1,1,,A,ENjEGV09bWVRW@62TU7W0P000000g`jrA0vRp00000BP00,4*25
\c:1595058938,s:rPiAIS001*30\!AIVDM,1,1,,A,H3KHw0TT>F35eKr?8jlin0000000,0*0D
\c:1595058939,s:rPiAIS001*31\!AIVDM,1,1,,B,13L?GoP0001UocHRURJ<?oC>00RL,0*2C
\c:1595058940,s:rPiAIS001*3F\!AIVDM,1,1,,B,H3KGTWPE8T<4000000000000000,2*12
\c:1595058941,s:rPiAIS001*3E\!AIVDM,1,1,,A,402<HTQvAq7o`1V?V0RS42g020S:,0*1A
\c:1595058941,s:rPiAIS001*3E\!AIVDM,1,1,,B,H3P=gvQTtht0000000000000000,2*4D
\c:1595058944,s:rPiAIS001*3B\!AIVDM,1,1,,B,402<HTQvAq7oc1V?V0RS43?020S:,0*43
\c:1595058944,s:rPiAIS001*3B\!AIVDM,1,1,,B,D02<HTPf@B?a6DE6D0,4*58
\c:1595058945,s:rPiAIS001*3A\!AIVDM,1,1,,A,D02<HTPUpB?a6DE6D0,4*58
\c:1595058945,s:rPiAIS001*3A\!AIVDM,1,1,,A,13L?GjS0001UhLRRU8eoHGOJ0D0k,0*1B
\g:1-2-165,c:1595058947,s:rPiAIS001*78\!AIVDM,2,1,3,B,53LAv:000000t`aB220hTiV2222222222222220u1@G5240Ht4E5DRmK,0*5C
\g:2-2-165*45\!AIVDM,2,2,3,B,EQD4hKE5DRmH880,2*20
\c:1595058947,s:rPiAIS001*38\!AIVDM,1,1,,A,402<HTQvAq7og1V?V0RS43O020S:,0*34
\g:1-2-166,c:1595058950,s:rPiAIS001*7D\!AIVDM,2,1,4,A,53LBQe41`32ttMHN220U<vm1DddV22222222220l10F465`d0:U5DRmH,0*12
\g:2-2-166*46\!AIVDM,2,2,4,A,888888888888880,2*20
\c:1595058950,s:rPiAIS001*3E\!AIVDM,1,1,,B,H3KGTWTTCBD5k1>?:pmhq01P0220,0*15
\g:1-2-167,c:1595058950,s:rPiAIS001*7C\!AIVDM,2,1,5,A,8@2<HVh0BkJs3PW844SsRiSQKs8bGwefwwwwwwwwwwwwwwwwwwwwwwww,0*74
\g:2-2-167*47\!AIVDM,2,2,5,A,wt0,2*22
\c:1595058950,s:rPiAIS001*3E\!AIVDM,1,1,,B,33Kw2V01B<QU1mfRUVf5;D;T01Fh,0*01
\c:1595058951,s:rPiAIS001*3F\!AIVDM,1,1,,B,402<HTQvAq7oj1V?V0RS42w020S:,0*03
\c:1595058951,s:rPiAIS001*3F\!AIVDM,1,1,,A,13L?GtPP001Uo0nRUP@P0?w`0L0i,0*4B
\c:1595058952,s:rPiAIS001*3C\!AIVDM,1,1,,B,H3P=gvTUCBD6TB2j8Chk001`3220,0*34
\c:1595058953,s:rPiAIS001*3D\!AIVDM,1,1,,B,13LBa30000QUd`8RU4n5921`0HO:,0*7C
\c:1595058953,s:rPiAIS001*3D\!AIVDM,1,1,,B,33K`MB5000QUhv0RU:2tv7Ib0000,0*3F
\c:1595058953,s:rPiAIS001*3D\!AIVDM,1,1,,B,13LAv:00001Uo?:RUQ0Fa1Md00SD,0*26
\c:1595058954,s:rPiAIS001*3A\!AIVDM,1,1,,A,13LBkeP0001UnFNRUMTGP77p0PS@,0*4C
\c:1595058954,s:rPiAIS001*3A\!AIVDM,1,1,,A,402<HTQvAq7om1V?V2RS41g020S:,0*16
\c:1595058955,s:rPiAIS001*3B\!AIVDM,1,1,,B,13L?GjS0001UhLLRU8eIBGOh08Pi,0*16
\c:1595058957,s:rPiAIS001*39\!AIVDM,1,1,,B,402<HTQvAq7oq1V?V6RS40O020S:,0*24
\c:1595058958,s:rPiAIS001*36\!AIVDM,1,1,,B,13L?GoP1@11UocHRURJ<NGEn0@R9,0*56
\c:1595058961,s:rPiAIS001*3C\!AIVDM,1,1,,A,402<HTQvAq7p01V?V:RS3wO024sP,0*7B
\g:1-2-168,c:1595058961,s:rPiAIS001*71\!AIVDM,2,1,6,A,8@2<HW@0BkhN`0dq34SsRijnFS2c7we>wwwwwwwwwwwwwwwwwwwwwwww,0*07
\g:2-2-168*48\!AIVDM,2,2,6,A,wt0,2*21
\c:1595058962,s:rPiAIS001*3F\!AIVDM,1,1,,B,13L?GtPP001Uo0rRUPA00?v6081B,0*3C
\c:1595058964,s:rPiAIS001*39\!AIVDM,1,1,,B,402<HTQvAq7p31V?V@RS3vw024sP,0*38
\c:1595058964,s:rPiAIS001*39\!AIVDM,1,1,,A,13LAv:00001Uo?8RUQ0Va1L:0<0e,0*26
\c:1595058965,s:rPiAIS001*38\!AIVDM,1,1,,B,13LBkeP0001UnFPRUMTGP77p0`3H,0*09
\c:1595058967,s:rPiAIS001*3A\!AIVDM,1,1,,A,402<HTQvAq7p71V?VDRS3vg024sP,0*2B
\c:1595058969,s:rPiAIS001*34\!AIVDM,1,1,,A,13L?GoP0001UocHRURJ5KWDB04sP,0*28
\c:1595058971,s:rPiAIS001*3D\!AIVDM,1,1,,B,402<HTQvAq7p:1V?VHRS3vO024sP,0*01
\g:1-2-169,c:1595058971,s:rPiAIS001*71\!AIVDM,2,1,7,A,8@2<HVh0BkNGj0VOsdSsSAs7Gc8IWwebwwwwwwwwwwwwwwwwwwwwwwww,0*52
\g:2-2-169*49\!AIVDM,2,2,7,A,wt0,2*20
\c:1595058974,s:rPiAIS001*38\!AIVDM,1,1,,B,13LBa30000QUd`8RU4n11B0J0002,0*24
\c:1595058974,s:rPiAIS001*38\!AIVDM,1,1,,B,13LAv:00001Uo?8RUQ0Va1LN00Ro,0*35
\c:1595058974,s:rPiAIS001*38\!AIVDM,1,1,,A,402<HTQvAq7p=1V?VLRS3vO024sP,0*01
\c:1595058974,s:rPiAIS001*38\!AIVDM,1,1,,B,D02<HTQlTB?b<`E6D0,4*6A
\c:1595058975,s:rPiAIS001*39\!AIVDM,1,1,,A,D02<HTQd<B?b<`E6D0,4*09
\c:1595058975,s:rPiAIS001*39\!AIVDM,1,1,,B,13L?GjS0001UhLFRU8dKuWNP0<0k,0*67
\c:1595058977,s:rPiAIS001*3B\!AIVDM,1,1,,B,402<HTQvAq7pA1V?VNRS3vO024sP,0*7C
\c:1595058979,s:rPiAIS001*35\!AIVDM,1,1,,B,13L?GoP0011UocHRURJ5IWB`08;K,0*53
\c:1595058981,s:rPiAIS001*32\!AIVDM,1,1,,A,402<HTQvAq7pD1V?VPRS3vg024sP,0*4C
\g:1-2-170,c:1595058982,s:rPiAIS001*75\!AIVDM,2,1,8,A,8@2<HW@0Bkf:<0dtu4SsUC2wHC3rwweBwwwwwwwwwwwwwwwwwwwwwwww,0*32
\g:2-2-170*41\!AIVDM,2,2,8,A,wt0,2*2F
\c:1595058983,s:rPiAIS001*30\!AIVDM,1,1,,B,33L?Jp5000QUdkjRU6HURlVd0Da:,0*07
\c:1595058984,s:rPiAIS001*37\!AIVDM,1,1,,B,402<HTQvAq7pG1V?VTRS3vg024sP,0*48
\c:1595058984,s:rPiAIS001*37\!AIVDM,1,1,,A,13LAv:00001Uo?8RUQ0Va1Lj0@>G,0*26
\c:1595058987,s:rPiAIS001*34\!AIVDM,1,1,,A,402<HTQvAq7pK1V?V`RS3vw024sP,0*63
\c:1595058989,s:rPiAIS001*3A\!AIVDM,1,1,,A,H3KKWu0H59@0000000000000000,2*49
\c:1595058990,s:rPiAIS001*32\!AIVDM,1,1,,A,33Kw2V04B=QU2tfRURbE@l>r01`Q,0*03
\c:1595058991,s:rPiAIS001*33\!AIVDM,1,1,,A,13L?GtPP001Uo1@RUP?P0?w000SU,0*68
\g:1-2-171,c:1595058992,s:rPiAIS001*75\!AIVDM,2,1,9,A,8@2<HVh0BkOrj0W0I4SsTRK:IK69OweVwwwwwwwwwwwwwwwwwwwwwwww,0*29
\g:2-2-171*40\!AIVDM,2,2,9,A,wt0,2*2E
\c:1595058994,s:rPiAIS001*36\!AIVDM,1,1,,B,13LBa30000QUd`8RU4n6PB120@Ct,0*7E
\c:1595058994,s:rPiAIS001*36\!AIVDM,1,1,,A,402<HTQvAq7pQ1V?VjRS3vw024sP,0*73
\c:1595058995,s:rPiAIS001*37\!AIVDM,1,1,,A,B3KJOi0030IJKk`aCTEO;wi5kP06,0*61
\c:1595058995,s:rPiAIS001*37\!AIVDM,1,1,,A,13LBkeP0001UnFPRUMT7P77p0W3h,0*6D
\c:1595058995,s:rPiAIS001*37\!AIVDM,1,1,,B,13L?GjS0001UhLHRU8d9dWO804sP,0*13
\c:1595058995,s:rPiAIS001*37\!AIVDM,1,1,,B,13LAv:00001Uo?6RUQ0Va1M804sP,0*56
\c:1595058997,s:rPiAIS001*35\!AIVDM,1,1,,A,ENjEUAb92TV0W22a@;4a::PV0000h>>jAOJQ800000BP10,4*5B
\c:1595058997,s:rPiAIS001*35\!AIVDM,1,1,,B,402<HTQvAq7pU1V?VlRS3vw024sP,0*72
\c:1595058997,s:rPiAIS001*35\!AIVDM,1,1,,A,ENjEGV09bWVRW@62TU7W0P000000g`jrA0vRp00000BP00,4*25
\c:1595058997,s:rPiAIS001*35\!AIVDM,1,1,,B,13L?GoP0001UocHRURJ7aWE<0HF?,0*5A
\c:1595059001,s:rPiAIS001*32\!AIVDM,1,1,,A,402<HTQvAq7p`1V?VnRS3vw024sP,0*46
\g:1-2-172,c:1595059002,s:rPiAIS001*77\!AIVDM,2,1,1,A,8@2<HW@0BkdhF0dcH4St4jcDJ;8I7weBwwwwwwwwwwwwwwwwwwwwwwww,0*1C
\g:2-2-172*43\!AIVDM,2,2,1,A,wt0,2*26
\c:1595059004,s:rPiAIS001*37\!AIVDM,1,1,,B,402<HTQvAq7pc1V?VnRS3vw024sP,0*46
\c:1595059004,s:rPiAIS001*37\!AIVDM,1,1,,B,D02<HTPf@B?a6DE6D0,4*58
\c:1595059005,s:rPiAIS001*36\!AIVDM,1,1,,A,D02<HTPUpB?a6DE6D0,4*58
\c:1595059005,s:rPiAIS001*36\!AIVDM,1,1,,A,13L?GjS0001UhLLRU8d`DoOJ0@JK,0*71
\c:1595059005,s:rPiAIS001*36\!AIVDM,1,1,,B,13LBkeP0001UnFPRUMTGP77p0PS2,0*23
\c:1595059007,s:rPiAIS001*34\!AIVDM,1,1,,A,402<HTQvAq7pg1V?VfRS3vg024sP,0*59
\c:1595059008,s:rPiAIS001*3B\!AIVDM,1,1,,A,13L?GoP1@11UocHRURJ=QoER0@LE,0*3D
\g:1-2-173,c:1595059009,s:rPiAIS001*7D\!AIVDM,2,1,2,A,8@2<HVh0GhW8nqeMG:Ani@mgFPHeAuForOl?wnSwe7wvlOwwsAwwnSGm,0*01
\g:2-2-173*42\!AIVDM,2,2,2,A,wvh0,0*4D
\c:1595059009,s:rPiAIS001*3A\!AIVDM,1,1,,B,33Kch>50001UhlbRU9cmmoGP0De:,0*52
\c:1595059011,s:rPiAIS001*33\!AIVDM,1,1,,B,402<HTQvAq7pj1V?VTRS3vg024sP,0*65
\c:1595059011,s:rPiAIS001*33\!AIVDM,1,1,,A,13L?GtPP001Uo1dRUP=@0?w`0HN6,0*08
\g:1-2-174,c:1595059012,s:rPiAIS001*70\!AIVDM,2,1,3,A,8@2<HVh0BkQdbhW8wtSt31kBJK2b?weVwwwwwwwwwwwwwwwwwwwwwwww,0*7A
\g:2-2-174*45\!AIVDM,2,2,3,A,wt0,2*24
\c:1595059013,s:rPiAIS001*31\!AIVDM,1,1,,B,13LBa30000QUd`4RU4n7;B1`0D0b,0*2B
\c:1595059014,s:rPiAIS001*36\!AIVDM,1,1,,B,13LAv:00001Uo?4RUQ0na1Md0L0e,0*3E
\c:1595059014,s:rPiAIS001*36\!AIVDM,1,1,,A,402<HTQvAq7pm1V?VJRS3vO024sP,0*57
\c:1595059015,s:rPiAIS001*37\!AIVDM,1,1,,B,13L?GjS0001UhLHRU8dqOGOh04sP,0*30
\c:1595059016,s:rPiAIS001*34\!AIVDM,1,1,,B,33Kw2V05B3QU3V8RUOjUQTOf016h,0*54
\c:1595059017,s:rPiAIS001*35\!AIVDM,1,1,,A,ENjEUA;40W5Wh77hHp0000000000lK92A78e800000L010,4*52
\c:1595059017,s:rPiAIS001*35\!AIVDM,1,1,,A,ENjEUAJaUWV2;4Uh;FPTaP000000rN7rA;Wlp00000L010,4*20
\c:1595059017,s:rPiAIS001*35\!AIVDM,1,1,,B,402<HTQvAq7pq1V?VBRS3v?024sP,0*30
\c:1595059018,s:rPiAIS001*3A\!AIVDM,1,1,,A,ENjEUBKc0ab90h10V5PW@;FPTaP0qu15A;nqH00000L000,4*57
\c:1595059018,s:rPiAIS001*3A\!AIVDM,1,1,,B,13L?GoP0011UocHRURJ4oGEn0<0e,0*4C
\c:1595059018,s:rPiAIS001*3A\!AIVDM,1,1,,A,ENjEUB;:V5WVPb0V0h;FPTaP0000qmi5A;:VH00000L000,4*64
\c:1595059021,s:rPiAIS001*30\!AIVDM,1,1,,A,402<HTQvAq7q01V?V>RS3v?020S:,0*41
\c:1595059022,s:rPiAIS001*33\!AIVDM,1,1,,B,13L?GtPP001Uo1bRUP<P0?v604sT,0*68
\g:1-2-175,c:1595059022,s:rPiAIS001*72\!AIVDM,2,1,4,A,8@2<HW@0Bkb<B0akj4St3jSIJS9`?weBwwwwwwwwwwwwwwwwwwwwwwww,0*12
\g:2-2-175*44\!AIVDM,2,2,4,A,wt0,2*23
\c:1595059024,s:rPiAIS001*35\!AIVDM,1,1,,B,402<HTQvAq7q31V?V>RS3vO020S:,0*31
\c:1595059024,s:rPiAIS001*35\!AIVDM,1,1,,A,13LAv:00001Uo?6RUQ0na1L:082i,0*1A
\c:1595059025,s:rPiAIS001*34\!AIVDM,1,1,,A,B3KJ1H0008IMcu`aG?QlWwRUoP06,0*6F
\c:1595059027,s:rPiAIS001*36\!AIVDM,1,1,,A,402<HTQvAq7q71V?V>RS3vO020S:,0*36
\c:1595059029,s:rPiAIS001*38\!AIVDM,1,1,,A,13L?GoP1h11UocHRURJ2VGFB00S;,0*37
\c:1595059029,s:rPiAIS001*38\!AIVDM,1,1,,A,33Kw2V05AuQU3phRUN>EdD`B00`0,0*00
\c:1595059030,s:rPiAIS001*30\!AIVDM,1,1,,A,B3KHw0P008IM>u8aEr;HGwTUoP06,0*21
\c:1595059031,s:rPiAIS001*31\!AIVDM,1,1,,B,402<HTQvAq7q:1V?V<RS3vO020S:,0*3A
\c:1595059032,s:rPiAIS001*32\!AIVDM,1,1,,B,H47=qsTUCBD8tWP5Cjqok00p320t,0*02
\g:1-2-176,c:1595059032,s:rPiAIS001*70\!AIVDM,2,1,5,A,8@2<HVh0BkM75P`MKTSt2QRgEk7:gwebwwwwwwwwwwwwwwwwwwwwwwww,0*61
\g:2-2-176*47\!AIVDM,2,2,5,A,wt0,2*22
\c:1595059034,s:rPiAIS001*34\!AIVDM,1,1,,B,13LBa30001QUd`8RU4n>2R0J0L0b,0*15
\c:1595059034,s:rPiAIS001*34\!AIVDM,1,1,,B,D02<HTQlTB?b<`E6D0,4*6A
\c:1595059035,s:rPiAIS001*35\!AIVDM,1,1,,A,D02<HTQd<B?b<`E6D0,4*09
\c:1595059035,s:rPiAIS001*35\!AIVDM,1,1,,A,B3KKWu0008IJWQ8aCcGQ3wWQnE6b,0*2A
\c:1595059035,s:rPiAIS001*35\!AIVDM,1,1,,A,13LBkeP0001UnFNRUMTWP77p0t0i,0*32
\c:1595059035,s:rPiAIS001*35\!AIVDM,1,1,,B,13L?GjS0001UhLRRU8db>oNP0898,0*77
\c:1595059037,s:rPiAIS001*37\!AIVDM,1,1,,B,402<HTQvAq7qA1V?V:RS3v?020S:,0*37
\c:1595059039,s:rPiAIS001*39\!AIVDM,1,1,,B,13L?GoP1@11UocHRURJ68oF`04sT,0*37
\c:1595059040,s:rPiAIS001*37\!AIVDM,1,1,,B,13L?GtPP001Uo1fRUP=P0?vb08<1,0*1F
\c:1595059041,s:rPiAIS001*36\!AIVDM,1,1,,A,402<HTQvAq7qD1V?V<RS3ug020S:,0*6C
\g:1-2-177,c:1595059043,s:rPiAIS001*77\!AIVDM,2,1,6,A,8@2<HW@0BkaMJ0a>c4StT2;EJ359gweFwwwwwwwwwwwwwwwwwwwwwwww,0*04
\g:2-2-177*46\!AIVDM,2,2,6,A,wt0,2*21
\c:1595059044,s:rPiAIS001*33\!AIVDM,1,1,,A,B3P=gvP008IMAT`aF6?H;wd5oP06,0*70
\c:1595059044,s:rPiAIS001*33\!AIVDM,1,1,,B,402<HTQvAq7qG1V?V<RS3uO020S:,0*44
\c:1595059044,s:rPiAIS001*33\!AIVDM,1,1,,A,13LAv:00001Uo?8RUQ16a1Lj0<0e,0*17
\c:1595059044,s:rPiAIS001*33\!AIVDM,1,1,,A,B3KGTWP00HIJKw`aCW6hSwd5oP06,0*78
\c:1595059045,s:rPiAIS001*32\!AIVDM,1,1,,B,13LBkePOh01UnFNRUMTWP77p0d0i,0*06
\c:1595059045,s:rPiAIS001*32\!AIVDM,1,1,,A,H3KKWu4lC=DuH0`?6G90000hD33t,0*5F
\g:1-2-178,c:1595059046,s:rPiAIS001*7D\!AIVDM,2,1,7,B,53L?GjP1<DVtt`pF2208U<tr222222222222220l10J275mG0:1RE2mH,0*01
\g:2-2-178*49\!AIVDM,2,2,7,B,888888888888880,2*20
\c:1595059047,s:rPiAIS001*30\!AIVDM,1,1,,A,402<HTQvAq7qK1V?V<RS3tw020S:,0*72
\c:1595059051,s:rPiAIS001*37\!AIVDM,1,1,,B,402<HTQvAq7qN1V?V@RS3tw020S:,0*08
\c:1595059052,s:rPiAIS001*34\!AIVDM,1,1,,A,13L?GtPP001Uo20RUP<00?w20L0i,0*59
\c:1595059053,s:rPiAIS001*35\!AIVDM,1,1,,A,33LBWO5P001Ue2FRU6LP0?w00000,0*45
\g:1-2-179,c:1595059053,s:rPiAIS001*78\!AIVDM,2,1,8,B,53L>r>01BIddt`M`0004`5P0000000000000000l1HG725OE0:QRE2m@,0*2F
\g:2-2-179*48\!AIVDM,2,2,8,B,000000000000000,2*2F
\c:1595059053,s:rPiAIS001*35\!AIVDM,1,1,,A,33Kw2V05AnQU4BHRUKOUwTs200T@,0*4E
\c:1595059054,s:rPiAIS001*32\!AIVDM,1,1,,A,402<HTQvAq7qQ1V?V@RS3tg020S:,0*04
\c:1595059055,s:rPiAIS001*33\!AIVDM,1,1,,A,13LBkeP0001UnFLRUMTWP77p0PS7,0*29
\c:1595059055,s:rPiAIS001*33\!AIVDM,1,1,,B,13L?GjS0001UhLfRU8dq;WO800SF,0*18
