\c:1596094183,s:rPiAIS001*3B\!AIVDM,1,1,,A,13LBa30000QUdWvRU4n1qQsD0<0b,0*1C
\c:1596094184,s:rPiAIS001*3C\!AIVDM,1,1,,A,33LBQe50001Uc2DRU=PJ00oJ0DuJ,0*26
\c:1596094184,s:rPiAIS001*3C\!AIVDM,1,1,,B,402<HTQvAw7Mc1V?``RS42g024ql,0*28
\c:1596094184,s:rPiAIS001*3C\!AIVDM,1,1,,B,D02<HTPf@B?a6DE6D0,4*58
\c:1596094185,s:rPiAIS001*3D\!AIVDM,1,1,,A,D02<HTPUpB?a6DE6D0,4*58
\c:1596094185,s:rPiAIS001*3D\!AIVDM,1,1,,A,13L?GjS0001UhL<RU8cqUoQL0HJg,0*3A
\g:1-2-30683,c:1596094186,s:rPiAIS001*72\!AIVDM,2,1,9,A,53Kch>41lQFLtTtn220dDlV3622222222222220l1H;425v?N655DRmH,0*5E
\g:2-2-30683*49\!AIVDM,2,2,9,A,888888888888880,2*2D
\c:1596094187,s:rPiAIS001*3F\!AIVDM,1,1,,A,13L?GtPP001Uo1pRUP9@0?wN0<0g,0*6D
\c:1596094187,s:rPiAIS001*3F\!AIVDM,1,1,,A,33KKdcU000QUccTRUD5MFPWL`Dd:,0*58
\c:1596094187,s:rPiAIS001*3F\!AIVDM,1,1,,A,402<HTQvAw7Mf1V?``RS42O024ql,0*06
\c:1596094190,s:rPiAIS001*39\!AIVDM,1,1,,B,13L?GoP0001UocHRURJ5WWEV08MN,0*0E
\c:1596094191,s:rPiAIS001*38\!AIVDM,1,1,,A,13LBkeP0001UnFLRUMS6rW7p0`N3,0*24
\g:1-2-30684,c:1596094193,s:rPiAIS001*71\!AIVDM,2,1,1,A,8@2<HVh0BkOrj0W0I7SfRACLKbwb?wdVwwwwwwwwwwwwwwwwwwwwwwww,0*1C
\g:2-2-30684*4E\!AIVDM,2,2,1,A,wt0,2*26
\c:1596094194,s:rPiAIS001*3D\!AIVDM,1,1,,B,13LBa30000QUd`4RU4n=31qb08Ob,0*1B
\c:1596094194,s:rPiAIS001*3D\!AIVDM,1,1,,A,402<HTQvAw7Mm1V?`PRS41w024ql,0*06
\c:1596094195,s:rPiAIS001*3C\!AIVDM,1,1,,B,13L?GjS0001UhKtRU8`aEGQf08PC,0*39
\c:1596094195,s:rPiAIS001*3C\!AIVDM,1,1,,A,ENjEUAb92TV0W22a@;4a::PV0000h>>jAOJQ800000K010,4*32
\c:1596094195,s:rPiAIS001*3C\!AIVDM,1,1,,A,ENjEGV09bWVRW@62TU7W0P000000g`jrA0vRp00000K000,4*4C
\g:1-2-30685,c:1596094196,s:rPiAIS001*75\!AIVDM,2,1,2,A,8@2<HW@0BkhN`0dq37SfSBHn5Rt;?wdVwwwwwwwwwwwwwwwwwwwwwwww,0*10
\g:2-2-30685*4F\!AIVDM,2,2,2,A,wt0,2*25
\c:1596094197,s:rPiAIS001*3E\!AIVDM,1,1,,A,347u?v5000QUeIHRU?>iVQCh0000,0*0C
\c:1596094197,s:rPiAIS001*3E\!AIVDM,1,1,,B,402<HTQvAw7Mp1V?`NRS41g024ql,0*16
\c:1596094198,s:rPiAIS001*31\!AIVDM,1,1,,B,13L?GtPP001Uo1PRUP:P0?wn00RI,0*3D
\c:1596094200,s:rPiAIS001*33\!AIVDM,1,1,,B,33LBWO5P001Ue2@RU6M00?wn0000,0*7F
\c:1596094201,s:rPiAIS001*32\!AIVDM,1,1,,A,402<HTQvAw7N01V?`JRS41O020S:,0*0A
\c:1596094204,s:rPiAIS001*37\!AIVDM,1,1,,B,402<HTQvAw7N31V?`HRS41?020S:,0*78
\c:1596094207,s:rPiAIS001*34\!AIVDM,1,1,,A,402<HTQvAw7N61V?`FRS40g020S:,0*29
\c:1596094209,s:rPiAIS001*3A\!AIVDM,1,1,,B,13L?GoP0001UocHRURJ;FoBD0@5c,0*11
\c:1596094210,s:rPiAIS001*32\!AIVDM,1,1,,A,13LBkeP0001UnFLRUMS6rW7p0PRs,0*48
\c:1596094211,s:rPiAIS001*33\!AIVDM,1,1,,B,402<HTQvAw7N:1V?`JRS40?020S:,0*72
\c:1596094213,s:rPiAIS001*31\!AIVDM,1,1,,B,13LBa30000QUdWvRU4n5bipH087b,0*3C
\g:1-2-30686,c:1596094214,s:rPiAIS001*7F\!AIVDM,2,1,3,A,8@2<HVh0BkQdbhW8wwSfRAK?IRw:OwdRwwwwwwwwwwwwwwwwwwwwwwww,0*55
\g:2-2-30686*4C\!AIVDM,2,2,3,A,wt0,2*24
\c:1596094214,s:rPiAIS001*36\!AIVDM,1,1,,A,402<HTQvAw7N=1V?`RRS3ww020S:,0*66
\c:1596094214,s:rPiAIS001*36\!AIVDM,1,1,,B,D02<HTQlTB?b<`E6D0,4*6A
\c:1596094214,s:rPiAIS001*36\!AIVDM,1,1,,B,13L?GjS0001UhL>RU8`84WPN04qp,0*7B
\c:1596094215,s:rPiAIS001*37\!AIVDM,1,1,,A,D02<HTQd<B?b<`E6D0,4*09
\c:1596094215,s:rPiAIS001*37\!AIVDM,1,1,,A,33KTGT50001UdoTRU5j=ib8J0000,0*08
\c:1596094215,s:rPiAIS001*37\!AIVDM,1,1,,A,ENjEUA;40W5Wh77hHp0000000000lK92A78e8000007P10,4*49
\c:1596094215,s:rPiAIS001*37\!AIVDM,1,1,,A,ENjEUAJaUWV2;4Uh;FPTaP000000rN7rA;Wlp000007P10,4*3B
\c:1596094215,s:rPiAIS001*37\!AIVDM,1,1,,A,ENjEUBKc0ab90h10V5PW@;FPTaP0qu15A;nqH000007P00,4*4C
\c:1596094216,s:rPiAIS001*34\!AIVDM,1,1,,A,ENjEUB;:V5WVPb0V0h;FPTaP0000qmi5A;:VH000007P00,4*7F
\g:1-2-30687,c:1596094216,s:rPiAIS001*7C\!AIVDM,2,1,4,A,8@2<HW@0Bkf:<0dtu7SfPhQL:rs<WwdRwwwwwwwwwwwwwwwwwwwwwwww,0*22
\g:2-2-30687*4D\!AIVDM,2,2,4,A,wt0,2*23
\c:1596094217,s:rPiAIS001*35\!AIVDM,1,1,,B,B3KKWu0008IJWM`aCcKQ3w`QnDuJ,0*3C
\c:1596094217,s:rPiAIS001*35\!AIVDM,1,1,,B,13L?GtPP001Uo1JRUP:@0?vT0D0h,0*3B
\c:1596094217,s:rPiAIS001*35\!AIVDM,1,1,,B,402<HTQvAw7N@1V?`bRS3wg020S:,0*38
\c:1596094219,s:rPiAIS001*3B\!AIVDM,1,1,,A,13L?GoPvh01UocHRURJ<H7B`00Rh,0*65
\c:1596094221,s:rPiAIS001*30\!AIVDM,1,1,,A,402<HTQvAw7ND1V?`lRS3wO020S:,0*19
\c:1596094221,s:rPiAIS001*30\!AIVDM,1,1,,B,13LBkeP0001UnFLRUMS6rW7p0l0n,0*08
\c:1596094223,s:rPiAIS001*32\!AIVDM,1,1,,A,13LBa30000QUd`4RU4n<@Qrf04qp,0*2D
\c:1596094224,s:rPiAIS001*35\!AIVDM,1,1,,B,402<HTQvAw7NG1V?`pRS3w?020S:,0*75
\c:1596094224,s:rPiAIS001*35\!AIVDM,1,1,,A,13L?GjS0001UhL8RU8bGlWPj0@>T,0*60
\c:1596094227,s:rPiAIS001*36\!AIVDM,1,1,,B,B3KNcg0008IKr6`a@NT03weUkP06,0*39
\c:1596094227,s:rPiAIS001*36\!AIVDM,1,1,,A,402<HTQvAw7NJ1V?`pRS3vw020S:,0*32
\c:1596094228,s:rPiAIS001*39\!AIVDM,1,1,,A,13L?GtPP001Uo1JRUP;00?vp0<0i,0*14
\c:1596094230,s:rPiAIS001*30\!AIVDM,1,1,,B,13L?GoP0011UocHRURJ2jo@t0<0j,0*77
\c:1596094231,s:rPiAIS001*31\!AIVDM,1,1,,B,402<HTQvAw7NN1V?`pRS3vg020S:,0*25
\c:1596094231,s:rPiAIS001*31\!AIVDM,1,1,,A,13LBkeP0001UnFLRUMS6rW5p0d0n,0*01
\c:1596094233,s:rPiAIS001*33\!AIVDM,1,1,,B,13LBa30000QUd`4RU4n1;1u00<0b,0*32
\c:1596094234,s:rPiAIS001*34\!AIVDM,1,1,,B,13L?GjS0001UhKnRU8dsBWQ40HD0,0*67
\g:1-2-30688,c:1596094234,s:rPiAIS001*73\!AIVDM,2,1,5,A,8@2<HVh0BkM75P`MKWSfPhSpOburwwdVwwwwwwwwwwwwwwwwwwwwwwww,0*11
\g:2-2-30688*42\!AIVDM,2,2,5,A,wt0,2*22
\c:1596094234,s:rPiAIS001*34\!AIVDM,1,1,,A,402<HTQvAw7NQ1V?`jRS3v?020S:,0*7B
\c:1596094237,s:rPiAIS001*37\!AIVDM,1,1,,B,402<HTQvAw7NT1V?`fRS3ug020S:,0*2A
\c:1596094241,s:rPiAIS001*36\!AIVDM,1,1,,A,402<HTQvAw7N`1V?`VRS3uO020S:,0*05
\c:1596094243,s:rPiAIS001*34\!AIVDM,1,1,,A,13LBa30001QUd`4RU4n;wAwD08II,0*26
\c:1596094244,s:rPiAIS001*33\!AIVDM,1,1,,B,402<HTQvAw7Nc1V?`NRS3u?020S:,0*6D
\c:1596094244,s:rPiAIS001*33\!AIVDM,1,1,,B,D02<HTPf@B?a6DE6D0,4*58
\c:1596094245,s:rPiAIS001*32\!AIVDM,1,1,,A,D02<HTPUpB?a6DE6D0,4*58
\c:1596094245,s:rPiAIS001*32\!AIVDM,1,1,,A,13L?GjS0001UhKdRU8fK4oQL0D0s,0*59
\c:1596094247,s:rPiAIS001*30\!AIVDM,1,1,,A,13L?GtPP001Uo1FRUP;P0?wN08KS,0*02
\c:1596094247,s:rPiAIS001*30\!AIVDM,1,1,,A,402<HTQvAw7Nf1V?`FRS3tg020S:,0*3A
\c:1596094248,s:rPiAIS001*3F\!AIVDM,1,1,,B,B3KIuKP008IJG=8aC?2BOwoUoP06,0*17
\g:1-2-30689,c:1596094249,s:rPiAIS001*78\!AIVDM,2,1,6,A,8@2<HVh0GhW8nqeMG;ikPhMuFPCMauFCpOl?wnSwe7wvlOwwsAwwnSGm,0*27
\g:2-2-30689*43\!AIVDM,2,2,6,A,wvh0,0*49
\c:1596094250,s:rPiAIS001*36\!AIVDM,1,1,,B,13L?GoP0011UocHRURJ90GAV04qp,0*7E
\c:1596094251,s:rPiAIS001*37\!AIVDM,1,1,,B,402<HTQvAw7Nj1V?`:RS3tg020S:,0*49
\c:1596094251,s:rPiAIS001*37\!AIVDM,1,1,,A,13LBkePOh01UnFLRUMS6rW5p0W3h,0*10
\c:1596094254,s:rPiAIS001*32\!AIVDM,1,1,,B,13LBa30000QUd`4RU4n121wb04qp,0*30
\c:1596094254,s:rPiAIS001*32\!AIVDM,1,1,,A,402<HTQvAw7Nm1V?`0RS3tw020S:,0*57
\c:1596094255,s:rPiAIS001*33\!AIVDM,1,1,,B,13L?GjS0001UhKdRU8g9OoQf04qp,0*4A
\c:1596094255,s:rPiAIS001*33\!AIVDM,1,1,,A,ENjEUAb92TV0W22a@;4a::PV0000h>>jAOJQ800000K010,4*32
\c:1596094255,s:rPiAIS001*33\!AIVDM,1,1,,A,ENjEGV09bWVRW@62TU7W0P000000g`jrA0vRp00000K000,4*4C
\c:1596094257,s:rPiAIS001*31\!AIVDM,1,1,,B,13L?GtPP001Uo1>RUP<00?wj0@QI,0*42
\g:1-2-30690,c:1596094257,s:rPiAIS001*7F\!AIVDM,2,1,7,A,8@2<HW@0Bkb<B0akj7Sg2irVE:rc?wdFwwwwwwwwwwwwwwwwwwwwwwww,0*16
\g:2-2-30690*4B\!AIVDM,2,2,7,A,wt0,2*20
\c:1596094257,s:rPiAIS001*31\!AIVDM,1,1,,B,402<HTQvAw7Np1V?WpRS3uO020S:,0*07
\c:1596094258,s:rPiAIS001*3E\!AIVDM,1,1,,A,33LAv:50001Uo@2RUQ0Mr1InP000,0*34
\c:1596094261,s:rPiAIS001*34\!AIVDM,1,1,,A,402<HTQvAw7O01V?WhRS3ug024qt,0*1D
\c:1596094262,s:rPiAIS001*37\!AIVDM,1,1,,A,33KvW@5000QUItpRULqtf@D20Dob,0*27
\c:1596094264,s:rPiAIS001*31\!AIVDM,1,1,,A,13LBa30000QUd`4RU4n9E1t60H2F,0*12
\c:1596094264,s:rPiAIS001*31\!AIVDM,1,1,,B,33LBWGU000QUdv`RU5e;iib60P00,0*70
\c:1596094264,s:rPiAIS001*31\!AIVDM,1,1,,B,402<HTQvAw7O31V?W`RS3v?024qt,0*4E
\c:1596094267,s:rPiAIS001*32\!AIVDM,1,1,,A,402<HTQvAw7O61V?W`RS3vO024qt,0*38
\c:1596094269,s:rPiAIS001*3C\!AIVDM,1,1,,B,13L?GoP0011UocHRURJ6qoBD0<0j,0*5A
\c:1596094270,s:rPiAIS001*34\!AIVDM,1,1,,A,13LBkeP0001UnFLRUMRnrW5p0t0m,0*4B
\c:1596094271,s:rPiAIS001*35\!AIVDM,1,1,,B,402<HTQvAw7O:1V?WfRS3w?024qt,0*40
\c:1596094272,s:rPiAIS001*36\!AIVDM,1,1,,B,33KLmkU000QUeNlRU6a<e2HF2000,0*35
\c:1596094274,s:rPiAIS001*30\!AIVDM,1,1,,A,402<HTQvAw7O=1V?WnRS3wg024qt,0*14
\c:1596094274,s:rPiAIS001*30\!AIVDM,1,1,,B,D02<HTQlTB?b<`E6D0,4*6A
\c:1596094275,s:rPiAIS001*31\!AIVDM,1,1,,A,D02<HTQd<B?b<`E6D0,4*09
\g:1-2-30691,c:1596094275,s:rPiAIS001*7E\!AIVDM,2,1,8,A,8@2<HVh0BkJs3PW847Sg1Pt:Pjuc7wdVwwwwwwwwwwwwwwwwwwwwwwww,0*77
\g:2-2-30691*4A\!AIVDM,2,2,8,A,wt0,2*2F
\c:1596094277,s:rPiAIS001*33\!AIVDM,1,1,,B,13L?GtPP001Uo1HRUP;P0?vT0@:?,0*71
\c:1596094277,s:rPiAIS001*33\!AIVDM,1,1,,B,402<HTQvAw7O@1V?WtRS3ww024qt,0*60
\g:1-2-30692,c:1596094278,s:rPiAIS001*70\!AIVDM,2,1,9,A,8@2<HW@0BkaMJ0a>c7SgTjjfGBsKGwdFwwwwwwwwwwwwwwwwwwwwwwww,0*58
\g:2-2-30692*49\!AIVDM,2,2,9,A,wt0,2*2E
\c:1596094281,s:rPiAIS001*3A\!AIVDM,1,1,,A,402<HTQvAw7OD1V?`0RS3ww024qt,0*14
\c:1596094283,s:rPiAIS001*38\!AIVDM,1,1,,A,13LBa30000QUdWvRU4n4fQtf000<,0*79
\c:1596094284,s:rPiAIS001*3F\!AIVDM,1,1,,B,402<HTQvAw7OG1V?WvRS3ww024qt,0*65
\c:1596094284,s:rPiAIS001*3F\!AIVDM,1,1,,A,13L?GjS0001UhLDRU8fJ5GPj0<0s,0*09
\c:1596094287,s:rPiAIS001*3C\!AIVDM,1,1,,A,402<HTQvAw7OJ1V?WpRS3wg024qt,0*7D
\c:1596094288,s:rPiAIS001*33\!AIVDM,1,1,,A,13L?GtPP001Uo1LRUP<@0?vp08@N,0*36
\c:1596094290,s:rPiAIS001*3A\!AIVDM,1,1,,B,13L?GoP1@11UocHRURJ;rGDt08AU,0*71
\c:1596094291,s:rPiAIS001*3B\!AIVDM,1,1,,B,402<HTQvAw7ON1V?WfRS3w?024qt,0*34
\c:1596094291,s:rPiAIS001*3B\!AIVDM,1,1,,A,13LBkeP0001UnFJRUMRnrW3p0`BS,0*13
\c:1596094292,s:rPiAIS001*38\!AIVDM,1,1,,B,33Kch>50001UhkfRU9cWkoDv0DOr,0*2A
\c:1596094293,s:rPiAIS001*39\!AIVDM,1,1,,B,13LBa30000QUd`4RU4n9VAu008Cf,0*54
\c:1596094294,s:rPiAIS001*3E\!AIVDM,1,1,,B,13L?GjS0001UhLLRU8db?WQ40D0s,0*15
\c:1596094294,s:rPiAIS001*3E\!AIVDM,1,1,,A,402<HTQvAw7OQ1V?W`RS3vw024qt,0*67
\g:1-2-30693,c:1596094296,s:rPiAIS001*71\!AIVDM,2,1,1,A,8@2<HVh0BkNGj0VOsgSgQ0l1Ps0J?wdVwwwwwwwwwwwwwwwwwwwwwwww,0*78
\g:2-2-30693*48\!AIVDM,2,2,1,A,wt0,2*26
\c:1596094297,s:rPiAIS001*3D\!AIVDM,1,1,,B,402<HTQvAw7OT1V?WRRS3vg024qt,0*43
\c:1596094301,s:rPiAIS001*33\!AIVDM,1,1,,A,402<HTQvAw7O`1V?WFRS3v?024qt,0*38
\c:1596094301,s:rPiAIS001*33\!AIVDM,1,1,,B,13LBkeP0001UnFJRUMRnrW3p0`HA,0*08
\c:1596094303,s:rPiAIS001*31\!AIVDM,1,1,,A,13LBa30000QUd`4RU4n2?iuD04qt,0*45
\c:1596094304,s:rPiAIS001*36\!AIVDM,1,1,,B,402<HTQvAw7Oc1V?W@RS3uw024qt,0*75
\c:1596094304,s:rPiAIS001*36\!AIVDM,1,1,,B,D02<HTPf@B?a6DE6D0,4*58
\c:1596094305,s:rPiAIS001*37\!AIVDM,1,1,,A,D02<HTPUpB?a6DE6D0,4*58
\c:1596094305,s:rPiAIS001*37\!AIVDM,1,1,,A,13L?GjS0001UhLHRU8`8HoQL0@Jg,0*11
\c:1596094307,s:rPiAIS001*35\!AIVDM,1,1,,A,13L?GtPP001Uo1NRUP;P0?wN04qt,0*1B
\c:1596094307,s:rPiAIS001*35\!AIVDM,1,1,,A,402<HTQvAw7Of1V?W:RS3uw024qt,0*09
\c:1596094310,s:rPiAIS001*33\!AIVDM,1,1,,B,13L?GoPvh01UocHRURJ;c7EV00RT,0*47
\c:1596094311,s:rPiAIS001*32\!AIVDM,1,1,,B,402<HTQvAw7Oj1V?W8RS3ug024qt,0*14
\c:1596094311,s:rPiAIS001*32\!AIVDM,1,1,,A,13LBkeP0001UnFJRUMRnrW3p0PRV,0*36
\c:1596094311,s:rPiAIS001*32\!AIVDM,1,1,,B,33K`MB5P00QUhv0RU:0TTgwV0000,0*05
\c:1596094314,s:rPiAIS001*37\!AIVDM,1,1,,B,13LBa30000QUd`4RU4n87Qub00Rc,0*6A
\c:1596094314,s:rPiAIS001*37\!AIVDM,1,1,,A,402<HTQvAw7Om1V?W:RS3ug024qt,0*12
\c:1596094315,s:rPiAIS001*36\!AIVDM,1,1,,B,13L?GjS0001UhLLRU8VraWQf00S=,0*62
\c:1596094315,s:rPiAIS001*36\!AIVDM,1,1,,A,ENjEUAb92TV0W22a@;4a::PV0000h>>jAOJQ800000K010,4*32
\c:1596094315,s:rPiAIS001*36\!AIVDM,1,1,,A,ENjEGV09bWVRW@62TU7W0P000000g`jrA0vRp00000K000,4*4C
\g:1-2-30694,c:1596094316,s:rPiAIS001*7F\!AIVDM,2,1,2,A,8@2<HVh0BkOrj0W0I7SgRACLKrwJ?wdVwwwwwwwwwwwwwwwwwwwwwwww,0*26
\g:2-2-30694*4F\!AIVDM,2,2,2,A,wt0,2*25
\c:1596094317,s:rPiAIS001*34\!AIVDM,1,1,,B,13L?GtPP001Uo1BRUP;@0?wj0<0j,0*77
\c:1596094317,s:rPiAIS001*34\!AIVDM,1,1,,B,402<HTQvAw7Op1V?W:RS3uO024qt,0*24
\g:1-2-30695,c:1596094319,s:rPiAIS001*71\!AIVDM,2,1,3,A,8@2<HW@0BkhN`0dq37SgSBHp5Rt;?wdVwwwwwwwwwwwwwwwwwwwwwwww,0*0E
\g:2-2-30695*4E\!AIVDM,2,2,3,A,wt0,2*24
\c:1596094321,s:rPiAIS001*31\!AIVDM,1,1,,A,402<HTQvAw7P01V?W<RS3u?020S:,0*66
\c:1596094323,s:rPiAIS001*33\!AIVDM,1,1,,A,H3KIuKPlt9V0@T<d00000000000,2*08
\c:1596094324,s:rPiAIS001*34\!AIVDM,1,1,,A,13LBa30000QUd`4RU4n1h1t60D0b,0*1D
\c:1596094324,s:rPiAIS001*34\!AIVDM,1,1,,B,402<HTQvAw7P31V?W<RS3tw020S:,0*2F
\c:1596094327,s:rPiAIS001*37\!AIVDM,1,1,,A,402<HTQvAw7P61V?W:RS3tw020S:,0*2F
\c:1596094329,s:rPiAIS001*39\!AIVDM,1,1,,B,H3KI264U0000000?8jlpj00h5310,0*7D
\c:1596094329,s:rPiAIS001*39\!AIVDM,1,1,,B,13L?GoP0011UocHRURJ8W7@D085c,0*20
\c:1596094330,s:rPiAIS001*31\!AIVDM,1,1,,A,13LBkeP0001UnFJRUMRnrW3p0p61,0*15
\c:1596094331,s:rPiAIS001*30\!AIVDM,1,1,,B,402<HTQvAw7P:1V?W4RS3tg020S:,0*3E
\g:1-2-30696,c:1596094332,s:rPiAIS001*7B\!AIVDM,2,1,4,A,53L?Jp428cb4t`4N220dUHTlv22222222222220t1P<5240Ht5UQC2m@,0*45
\g:2-2-30696*4D\!AIVDM,2,2,4,A,H0DQ@H888888880,2*45
\c:1596094334,s:rPiAIS001*35\!AIVDM,1,1,,A,H3KIuKU6D815=UF?8kplh018C440,0*06
\c:1596094334,s:rPiAIS001*35\!AIVDM,1,1,,A,402<HTQvAw7P=1V?W2RS3tg020S:,0*3C
\c:1596094334,s:rPiAIS001*35\!AIVDM,1,1,,B,D02<HTQlTB?b<`E6D0,4*6A
\c:1596094335,s:rPiAIS001*34\!AIVDM,1,1,,A,D02<HTQd<B?b<`E6D0,4*09
\c:1596094335,s:rPiAIS001*34\!AIVDM,1,1,,B,13L?GjS0001UhLNRU8`enGPP0L0s,0*38
\c:1596094337,s:rPiAIS001*36\!AIVDM,1,1,,B,13L?GtPP001Uo1`RUP:@0?vT0<0j,0*6B
\c:1596094337,s:rPiAIS001*36\!AIVDM,1,1,,B,402<HTQvAw7P@1V?VvRS3tg020S:,0*07
\g:1-2-30697,c:1596094339,s:rPiAIS001*71\!AIVDM,2,1,5,A,8@2<HW@0Bkf:<0dtu7SgPhiU?:sLWwdRwwwwwwwwwwwwwwwwwwwwwwww,0*3E
\g:2-2-30697*4C\!AIVDM,2,2,5,A,wt0,2*22
\c:1596094341,s:rPiAIS001*37\!AIVDM,1,1,,A,402<HTQvAw7PD1V?W4RS3tw020S:,0*53
\c:1596094341,s:rPiAIS001*37\!AIVDM,1,1,,B,13LBkeP0001UnFJRUMRnrW3p0d0m,0*58
\c:1596094342,s:rPiAIS001*34\!AIVDM,1,1,,B,33L?Jp5000QUdlHRU6J5RlVb0DfJ,0*31
\g:1-2-30698,c:1596094343,s:rPiAIS001*73\!AIVDM,2,1,6,B,53K`MB029hQ`tLtF221H58l6222222222222220l000005pb0:QRE2mH,0*64
\g:2-2-30698*43\!AIVDM,2,2,6,B,888888888888880,2*21
\c:1596094344,s:rPiAIS001*32\!AIVDM,1,1,,A,33LBa30000QUdWvRU4n;lQtf00=3,0*7C
\c:1596094344,s:rPiAIS001*32\!AIVDM,1,1,,B,402<HTQvAw7PG1V?W<RS3uO020S:,0*62
\g:1-2-30699,c:1596094345,s:rPiAIS001*74\!AIVDM,2,1,7,A,53LBa3800000tWO3?H0pTddthTTp40000000001S104314@Q10888888,0*65
\g:2-2-30699*42\!AIVDM,2,2,7,A,888888888888800,2*2B
\c:1596094347,s:rPiAIS001*31\!AIVDM,1,1,,A,402<HTQvAw7PJ1V?WDRS3v?020S:,0*67
\c:1596094348,s:rPiAIS001*3E\!AIVDM,1,1,,A,13L?GtPP001Uo1LRUP<00?vp04r0,0*06
\c:1596094350,s:rPiAIS001*37\!AIVDM,1,1,,B,13L?GoP0001UocHRURJ1NG@t04r0,0*69
\c:1596094351,s:rPiAIS001*36\!AIVDM,1,1,,B,402<HTQvAw7PN1V?WLRS3vO020S:,0*18
\c:1596094351,s:rPiAIS001*36\!AIVDM,1,1,,A,13LBkeP0001UnFJRUMRnrW3p0W3h,0*6E
\c:1596094352,s:rPiAIS001*35\!AIVDM,1,1,,A,H3KKWu0H59@0000000000000000,2*49
\c:1596094354,s:rPiAIS001*33\!AIVDM,1,1,,B,13L?GjS0001UhKrRU8eq@7Q40@D0,0*12
\c:1596094354,s:rPiAIS001*33\!AIVDM,1,1,,A,402<HTQvAw7PQ1V?WNRS3vw020S:,0*3E
\g:1-2-30700,c:1596094357,s:rPiAIS001*76\!AIVDM,2,1,8,A,8@2<HVh0BkM75P`MKWSgPhSoMRv:wwdVwwwwwwwwwwwwwwwwwwwwwwww,0*7B
\g:2-2-30700*43\!AIVDM,2,2,8,A,wt0,2*2F
\c:1596094357,s:rPiAIS001*30\!AIVDM,1,1,,B,402<HTQvAw7PT1V?WNRS3wO020S:,0*01
\c:1596094359,s:rPiAIS001*3E\!AIVDM,1,1,,B,33LBQe50001Uc24RU=O`O0o@0E6b,0*7F
\c:1596094361,s:rPiAIS001*35\!AIVDM,1,1,,A,402<HTQvAw7P`1V?WPRS40?020S:,0*18
\c:1596094363,s:rPiAIS001*37\!AIVDM,1,1,,A,13LBa30000QUdWvRU4n9H1sD000P,0*73
\c:1596094364,s:rPiAIS001*30\!AIVDM,1,1,,B,402<HTQvAw7Pc1V?WRRS40O020S:,0*6A
\c:1596094364,s:rPiAIS001*30\!AIVDM,1,1,,B,D02<HTPf@B?a6DE6D0,4*58
\c:1596094365,s:rPiAIS001*31\!AIVDM,1,1,,A,D02<HTPUpB?a6DE6D0,4*58
\g:1-2-30701,c:1596094365,s:rPiAIS001*76\!AIVDM,2,1,9,A,547u?v02@5sLE<``00084i@T>15DDDp0000000153jo??5w70?AAEPCg,0*21
\g:2-2-30701*42\!AIVDM,2,2,9,A,?QRC0Cg?QRE2m@0,2*20
\c:1596094365,s:rPiAIS001*31\!AIVDM,1,1,,A,13L?GjS0001UhL0RU8f8`WQL0<0s,0*6D
\c:1596094366,s:rPiAIS001*32\!AIVDM,1,1,,B,33KKdcU000QUcclRUD:=FPWJ`Dqb,0*57
\c:1596094367,s:rPiAIS001*33\!AIVDM,1,1,,A,13L?GtPP001Uo1<RUP;@0?wN00Rs,0*59
\c:1596094367,s:rPiAIS001*33\!AIVDM,1,1,,A,402<HTQvAw7Pf1V?WVRS41?020S:,0*19
\c:1596094369,s:rPiAIS001*3D\!AIVDM,1,1,,B,13L?GoP0011UocHRURJ;SGCT0@Lp,0*56
\g:1-2-30703,c:1596094369,s:rPiAIS001*78\!AIVDM,2,1,2,A,8@2<HVh0GhW8nqeMG;ioPhR2FPCEeuFClgl?wnSwe7wvlOwwsAwwnSGm,0*47
\g:2-2-30703*40\!AIVDM,2,2,2,A,wvh0,0*4D
\c:1596094370,s:rPiAIS001*35\!AIVDM,1,1,,A,13LBkeP0001UnFHRUMRnrW3p0l0m,0*51
\c:1596094371,s:rPiAIS001*34\!AIVDM,1,1,,B,402<HTQvAw7Pj1V?WdRS42?020S:,0*27
\c:1596094371,s:rPiAIS001*34\!AIVDM,1,1,,A,B3KJ1H0008IMce`aG?MV;wqUoP06,0*16
\c:1596094373,s:rPiAIS001*36\!AIVDM,1,1,,B,13LBa30000QUdWvRU4n4;As`0@O;,0*3E
\c:1596094374,s:rPiAIS001*31\!AIVDM,1,1,,A,402<HTQvAw7Pm1V?WfRS42?020S:,0*21
\c:1596094375,s:rPiAIS001*30\!AIVDM,1,1,,B,13L?GjS0001UhL6RU8fISGQh0L0s,0*6E
\c:1596094375,s:rPiAIS001*30\!AIVDM,1,1,,A,ENjEUAb92TV0W22a@;4a::PV0000h>>jAOJQ800000K010,4*32
\c:1596094375,s:rPiAIS001*30\!AIVDM,1,1,,A,ENjEGV09bWVRW@62TU7W0P000000g`jrA0vRp00000K000,4*4C
\c:1596094377,s:rPiAIS001*32\!AIVDM,1,1,,B,13L?GtPP001Uo16RUP:h0?wj08QI,0*6C
\c:1596094377,s:rPiAIS001*32\!AIVDM,1,1,,B,402<HTQvAw7Pp1V?WfRS42?020S:,0*3F
\c:1596094379,s:rPiAIS001*3C\!AIVDM,1,1,,A,13L?GoP0011UocHRURJ7lWCn0<0j,0*56
\c:1596094379,s:rPiAIS001*3C\!AIVDM,1,1,,A,33LBWO5P001Ue36RU6LP0?wl0000,0*68
\c:1596094380,s:rPiAIS001*3A\!AIVDM,1,1,,B,347u?v5000QUeIHRU?>iVQCj0000,0*0D
\c:1596094380,s:rPiAIS001*3A\!AIVDM,1,1,,B,13LBkeP0001UnFHRUMRVrW3p0W3h,0*57
\g:1-2-30704,c:1596094380,s:rPiAIS001*78\!AIVDM,2,1,3,A,8@2<HW@0Bkb<B0akj7Sh2Qr`E:rc?wdFwwwwwwwwwwwwwwwwwwwwwwww,0*13
\g:2-2-30704*47\!AIVDM,2,2,3,A,wt0,2*24
\c:1596094381,s:rPiAIS001*3B\!AIVDM,1,1,,A,402<HTQvAw7Q01V?WfRS41w024r4,0*1D
\c:1596094384,s:rPiAIS001*3E\!AIVDM,1,1,,A,13LBa30000QUdWvRU4n6Air60@2F,0*3A
\c:1596094384,s:rPiAIS001*3E\!AIVDM,1,1,,B,402<HTQvAw7Q31V?WdRS41w024r4,0*1F
\c:1596094385,s:rPiAIS001*3F\!AIVDM,1,1,,A,13L?GjS0001UhL8RU8g787P<0D0s,0*5A
\c:1596094387,s:rPiAIS001*3D\!AIVDM,1,1,,A,402<HTQvAw7Q61V?WdRS41g024r4,0*09
\c:1596094389,s:rPiAIS001*33\!AIVDM,1,1,,B,13L?GoP1@01UocHRURJ26WDD04r4,0*43
\c:1596094390,s:rPiAIS001*3B\!AIVDM,1,1,,A,13LBkePOh01UnFHRUMRVrW3p0l0n,0*4D
\c:1596094391,s:rPiAIS001*3A\!AIVDM,1,1,,B,402<HTQvAw7Q:1V?WdRS41g024r4,0*06
\c:1596094392,s:rPiAIS001*39\!AIVDM,1,1,,B,33KTGT50001Udo2RU5iem:6F0000,0*68
\c:1596094393,s:rPiAIS001*38\!AIVDM,1,1,,B,B3L?dR0008IJ3B`aIgCQ3wVQnDgJ,0*12
\c:1596094394,s:rPiAIS001*3F\!AIVDM,1,1,,A,402<HTQvAw7Q=1V?WhRS41O024r4,0*26
\c:1596094394,s:rPiAIS001*3F\!AIVDM,1,1,,B,D02<HTQlTB?b<`E6D0,4*6A
\c:1596094395,s:rPiAIS001*3E\!AIVDM,1,1,,A,D02<HTQd<B?b<`E6D0,4*09
\c:1596094395,s:rPiAIS001*3E\!AIVDM,1,1,,A,ENjEUA;40W5Wh77hHp0000000000lK92A78e8000007P10,4*49
\c:1596094395,s:rPiAIS001*3E\!AIVDM,1,1,,A,B3KKWu0008IJWJ`aCcCQ3wWQnDqJ,0*03
\c:1596094395,s:rPiAIS001*3E\!AIVDM,1,1,,B,13L?GjS0001UhLFRU8gW0WPP0H9?,0*0A
\c:1596094395,s:rPiAIS001*3E\!AIVDM,1,1,,A,ENjEUAJaUWV2;4Uh;FPTaP000000rN7rA;Wlp000007P10,4*3B
\c:1596094396,s:rPiAIS001*3D\!AIVDM,1,1,,A,ENjEUBKc0ab90h10V5PW@;FPTaP0qu15A;nqH000007P00,4*4C
\c:1596094396,s:rPiAIS001*3D\!AIVDM,1,1,,A,ENjEUB;:V5WVPb0V0h;FPTaP0000qmi5A;:VH000007P00,4*7F
\c:1596094397,s:rPiAIS001*3C\!AIVDM,1,1,,B,13L?GtPP001Uo1hRUP9P0?vT08:?,0*2B
\c:1596094397,s:rPiAIS001*3C\!AIVDM,1,1,,B,402<HTQvAw7Q@1V?WpRS41O024r4,0*40
\g:1-2-30705,c:1596094399,s:rPiAIS001*71\!AIVDM,2,1,4,A,8@2<HVh0BkJs3PW847Sh1Pt?Pjus7wdVwwwwwwwwwwwwwwwwwwwwwwww,0*61
\g:2-2-30705*46\!AIVDM,2,2,4,A,wt0,2*23
\c:1596094401,s:rPiAIS001*34\!AIVDM,1,1,,A,402<HTQvAw7QD1V?`2RS41?024r4,0*42
\g:1-2-30706,c:1596094401,s:rPiAIS001*74\!AIVDM,2,1,5,A,8@2<HW@0BkaMJ0a>c7ShTjRgGBsKGwdFwwwwwwwwwwwwwwwwwwwwwwww,0*62
\g:2-2-30706*45\!AIVDM,2,2,5,A,wt0,2*22
\c:1596094401,s:rPiAIS001*34\!AIVDM,1,1,,B,13LBkeP0001UnFHRUMRFrW5p0`<T,0*45
\c:1596094404,s:rPiAIS001*31\!AIVDM,1,1,,A,13LBa30000QUdWvRU4n351rf0@>9,0*30
\c:1596094404,s:rPiAIS001*31\!AIVDM,1,1,,B,402<HTQvAw7QG1V?`4RS41?024r4,0*44
\c:1596094407,s:rPiAIS001*32\!AIVDM,1,1,,A,402<HTQvAw7QJ1V?`4RS41?024r4,0*4A
\c:1596094408,s:rPiAIS001*3D\!AIVDM,1,1,,A,H3KKWu4lC=DuH0`?6G90000hD33t,0*5F
\c:1596094408,s:rPiAIS001*3D\!AIVDM,1,1,,A,13L?GtPP001Uo1lRUP:P0?vp00Rm,0*39
\c:1596094409,s:rPiAIS001*3C\!AIVDM,1,1,,A,B3KNcg0008IKr?`a@Mh03wfUoP06,0*0B
\c:1596094410,s:rPiAIS001*34\!AIVDM,1,1,,B,13L?GoP0001UocHRURJ0h7Bt00Rk,0*43
\c:1596094411,s:rPiAIS001*35\!AIVDM,1,1,,B,402<HTQvAw7QN1V?`4RS41?024r4,0*4D
\c:1596094411,s:rPiAIS001*35\!AIVDM,1,1,,A,13LBkeP0001UnFFRUMRFrW3p0PRn,0*2A
\c:1596094414,s:rPiAIS001*30\!AIVDM,1,1,,B,13L?GjS0001UhL>RU8drvoQ40<0t,0*79
\c:1596094414,s:rPiAIS001*30\!AIVDM,1,1,,A,402<HTQvAw7QQ1V?`4RS41?024r4,0*51
\c:1596094417,s:rPiAIS001*33\!AIVDM,1,1,,B,402<HTQvAw7QT1V?`2RS41?024r4,0*51
\g:1-2-30707,c:1596094419,s:rPiAIS001*7C\!AIVDM,2,1,6,A,8@2<HVh0BkNGj0VOsgShQ@ktN30:GwdVwwwwwwwwwwwwwwwwwwwwwwww,0*14
\g:2-2-30707*44\!AIVDM,2,2,6,A,wt0,2*21
\c:1596094421,s:rPiAIS001*36\!AIVDM,1,1,,A,402<HTQvAw7Q`1V?`4RS41?024r4,0*60
\c:1596094422,s:rPiAIS001*35\!AIVDM,1,1,,A,33L>r>5P001Uhb>RU99H;?wD0000,0*55
\c:1596094424,s:rPiAIS001*33\!AIVDM,1,1,,A,13LBa30000QUdWvRU4n<EQuF0<0b,0*21
\c:1596094424,s:rPiAIS001*33\!AIVDM,1,1,,B,402<HTQvAw7Qc1V?`6RS41?024r4,0*62
\c:1596094424,s:rPiAIS001*33\!AIVDM,1,1,,B,D02<HTPf@B?a6DE6D0,4*58
\c:1596094425,s:rPiAIS001*32\!AIVDM,1,1,,A,D02<HTPUpB?a6DE6D0,4*58
\c:1596094425,s:rPiAIS001*32\!AIVDM,1,1,,A,13L?GjS0001UhL:RU8ds5oQL08Jg,0*29
\c:1596094426,s:rPiAIS001*31\!AIVDM,1,1,,A,13L?GtPP001Uo1bRUP<P0?wN0@KD,0*4E
\c:1596094427,s:rPiAIS001*30\!AIVDM,1,1,,A,402<HTQvAw7Qf1V?`4RS41?024r4,0*66
\c:1596094429,s:rPiAIS001*3E\!AIVDM,1,1,,B,13L?GoP0011UocHRURJ;doCT0<0j,0*53
\c:1596094430,s:rPiAIS001*36\!AIVDM,1,1,,A,13LBkePOh01UnFFRUMR6rW3p0hMO,0*7B
\g:1-2-30708,c:1596094430,s:rPiAIS001*78\!AIVDM,2,1,7,A,53LBWGP00000tJoC7CTtThV3800000000000000n2H55140Ht01PBDUh,0*3A
\g:2-2-30708*4B\!AIVDM,2,2,7,A,FH5klRlh0000000,2*49
\c:1596094431,s:rPiAIS001*37\!AIVDM,1,1,,B,402<HTQvAw7Qj1V?WtRS40g024r4,0*47
\c:1596094431,s:rPiAIS001*37\!AIVDM,1,1,,A,B3KIuKP008IJG9`aC>vBOwqUoP06,0*13
\c:1596094434,s:rPiAIS001*32\!AIVDM,1,1,,A,402<HTQvAw7Qm1V?WpRS3ww024r4,0*17
\c:1596094435,s:rPiAIS001*33\!AIVDM,1,1,,B,13L?GjS0001UhL8RU8f86GQh0HPF,0*25
\c:1596094435,s:rPiAIS001*33\!AIVDM,1,1,,A,ENjEUAb92TV0W22a@;4a::PV0000h>>jAOJQ800000K010,4*32
\c:1596094435,s:rPiAIS001*33\!AIVDM,1,1,,A,ENjEGV09bWVRW@62TU7W0P000000g`jrA0vRp00000K000,4*4C
\c:1596094437,s:rPiAIS001*31\!AIVDM,1,1,,B,13L?GtPP001Uo1fRUP=00?wj04r4,0*31
\c:1596094437,s:rPiAIS001*31\!AIVDM,1,1,,B,402<HTQvAw7Qp1V?WlRS3wO024r4,0*2D
\c:1596094438,s:rPiAIS001*3E\!AIVDM,1,1,,B,33LAv:50001Uo?JRUPrur1MnP000,0*4F
\c:1596094439,s:rPiAIS001*3F\!AIVDM,1,1,,A,13L?GoPvh11UocHRURJ4j7Cn08RV,0*77
\g:1-2-30709,c:1596094439,s:rPiAIS001*70\!AIVDM,2,1,8,A,8@2<HVh0BkOrj0W0I7ShRACKK:wr?wdVwwwwwwwwwwwwwwwwwwwwwwww,0*54
\g:2-2-30709*4A\!AIVDM,2,2,8,A,wt0,2*2F
\c:1596094440,s:rPiAIS001*31\!AIVDM,1,1,,B,13LBkeP0001UnFDRUMR6rW3p0PSJ,0*7E
\c:1596094441,s:rPiAIS001*30\!AIVDM,1,1,,A,402<HTQvAw7R01V?WjRS3vg020S:,0*69
\c:1596094441,s:rPiAIS001*30\!AIVDM,1,1,,A,33LBWGU000QUdv`RU5e;5QV20P00,0*27
\g:1-2-30710,c:1596094442,s:rPiAIS001*74\!AIVDM,2,1,9,A,8@2<HW@0BkhN`0dq37ShS28u7bss?wdVwwwwwwwwwwwwwwwwwwwwwwww,0*73
\g:2-2-30710*42\!AIVDM,2,2,9,A,wt0,2*2E
\g:1-2-30711,c:1596094442,s:rPiAIS001*75\!AIVDM,2,1,1,A,53LBQe41`32ttMHN220U<vm1DddV22222222220l10F465`d0:U5DRmH,0*17
\g:2-2-30711*43\!AIVDM,2,2,1,A,888888888888880,2*25
\c:1596094444,s:rPiAIS001*35\!AIVDM,1,1,,A,13LBa30001QUdWvRU4n7LQt60<0b,0*53
\c:1596094444,s:rPiAIS001*35\!AIVDM,1,1,,B,402<HTQvAw7R31V?WlRS3v?020S:,0*37
\c:1596094445,s:rPiAIS001*34\!AIVDM,1,1,,A,13L?GjS0001UhL0RU8g8UGP<0@3<,0*08
\g:1-2-30712,c:1596094446,s:rPiAIS001*72\!AIVDM,2,1,2,A,53L?GoP1To=@tTuF221Dddu0Ddd622222222220t1@G255VP07U5DRmK,0*2D
\g:2-2-30712*40\!AIVDM,2,2,2,A,CP@CU0C2KE5DRm@,2*12
\c:1596094447,s:rPiAIS001*36\!AIVDM,1,1,,A,402<HTQvAw7R61V?WpRS3ug020S:,0*76
\c:1596094449,s:rPiAIS001*38\!AIVDM,1,1,,B,13L?GoP0001UocHRURJ:dWBD00Rm,0*13
\c:1596094450,s:rPiAIS001*30\!AIVDM,1,1,,A,13LBkeP0001UnFDRUMR6rW3p0h61,0*5B
\c:1596094452,s:rPiAIS001*32\!AIVDM,1,1,,A,33KLmkU000QUeNlRU6`tERHD2000,0*3D
\c:1596094454,s:rPiAIS001*34\!AIVDM,1,1,,A,402<HTQvAw7R=1V?`0RS3u?020S:,0*52
\c:1596094454,s:rPiAIS001*34\!AIVDM,1,1,,B,D02<HTQlTB?b<`E6D0,4*6A
\c:1596094455,s:rPiAIS001*35\!AIVDM,1,1,,A,D02<HTQd<B?b<`E6D0,4*09
\c:1596094455,s:rPiAIS001*35\!AIVDM,1,1,,B,13L?GjS0001UhKjRU8hJpWPP0D0t,0*3D
\c:1596094457,s:rPiAIS001*37\!AIVDM,1,1,,B,13L?GtPP001Uo1FRUP>P0?vT04r8,0*41
\c:1596094457,s:rPiAIS001*37\!AIVDM,1,1,,B,402<HTQvAw7R@1V?`4RS3u?020S:,0*28
\c:1596094460,s:rPiAIS001*33\!AIVDM,1,1,,B,H3KJ1H1@5HT0000000000000000,2*7C
\c:1596094461,s:rPiAIS001*32\!AIVDM,1,1,,A,402<HTQvAw7RD1V?`8RS3tg020S:,0*7A
\c:1596094461,s:rPiAIS001*32\!AIVDM,1,1,,B,13LBkePP@01UnFDRUMR6rW3p0W3h,0*2B
\g:1-2-30713,c:1596094462,s:rPiAIS001*75\!AIVDM,2,1,3,A,8@2<HW@0Bkf:<0dtu7ShPhiV?:sLWwdRwwwwwwwwwwwwwwwwwwwwwwww,0*34
\g:2-2-30713*41\!AIVDM,2,2,3,A,wt0,2*24
\c:1596094464,s:rPiAIS001*37\!AIVDM,1,1,,A,13LBa30000QUd`4RU4n5eitf0<0b,0*64
\c:1596094464,s:rPiAIS001*37\!AIVDM,1,1,,B,402<HTQvAw7RG1V?`:RS3tw020S:,0*68
\c:1596094467,s:rPiAIS001*34\!AIVDM,1,1,,A,13L?GtPP001Uo1HRUP=h0?vp0D0i,0*30
\c:1596094467,s:rPiAIS001*34\!AIVDM,1,1,,A,402<HTQvAw7RJ1V?`>RS3u?020S:,0*2B
\c:1596094469,s:rPiAIS001*3A\!AIVDM,1,1,,B,13L?GoP0011UocHRURJ7VoDt0<0j,0*4A
\g:1-2-30714,c:1596094469,s:rPiAIS001*79\!AIVDM,2,1,4,A,53LBkeP1VSOptMAP000dtd58000000000000000t1hC4540007EE3p0D,0*76
\g:2-2-30714*46\!AIVDM,2,2,4,A,Q@@000000000000,2*41
\c:1596094471,s:rPiAIS001*33\!AIVDM,1,1,,A,13LBkeP0001UnFDRUMR6rW3p0t0o,0*1F
\c:1596094471,s:rPiAIS001*33\!AIVDM,1,1,,B,402<HTQvAw7RN1V?`<RS3u?020S:,0*2E
\c:1596094471,s:rPiAIS001*33\!AIVDM,1,1,,A,33Kch>50001Uhl@RU9c0LWBv0DUb,0*7C
\c:1596094472,s:rPiAIS001*30\!AIVDM,1,1,,B,H3KJ1H4UCBD5s3J?:jhji01p?330,0*47
\c:1596094474,s:rPiAIS001*36\!AIVDM,1,1,,B,13LBa30000QUd`4RU4n71iu20HCt,0*75
\c:1596094474,s:rPiAIS001*36\!AIVDM,1,1,,B,13L?GjS0001UhKbRU8hVp7Q408D0,0*60
\c:1596094474,s:rPiAIS001*36\!AIVDM,1,1,,A,402<HTQvAw7RQ1V?`8RS3tw020S:,0*7F
\c:1596094477,s:rPiAIS001*35\!AIVDM,1,1,,B,13L?GtPP001Uo1HRUP=@0?w<0<0i,0*2E
\c:1596094477,s:rPiAIS001*35\!AIVDM,1,1,,B,402<HTQvAw7RT1V?`4RS3tw020S:,0*75
\c:1596094479,s:rPiAIS001*3B\!AIVDM,1,1,,A,13L?GoP1@01UocHRURJ5IGE@04r8,0*21
\g:1-2-30715,c:1596094480,s:rPiAIS001*7F\!AIVDM,2,1,5,A,8@2<HVh0BkM75P`MKWShPhSrMRv:wwdVwwwwwwwwwwwwwwwwwwwwwwww,0*64
\g:2-2-30715*47\!AIVDM,2,2,5,A,wt0,2*22
\c:1596094481,s:rPiAIS001*3C\!AIVDM,1,1,,A,402<HTQvAw7R`1V?`2RS3u?020S:,0*0D
\c:1596094481,s:rPiAIS001*3C\!AIVDM,1,1,,B,13LBkeP0001UnFFRUMQnrW3p0l0o,0*5D
\c:1596094484,s:rPiAIS001*39\!AIVDM,1,1,,A,13LBa30000QUdWvRU4n0=AuF08Iq,0*2B
\c:1596094484,s:rPiAIS001*39\!AIVDM,1,1,,B,402<HTQvAw7Rc1V?`2RS3uO020S:,0*7D
\c:1596094484,s:rPiAIS001*39\!AIVDM,1,1,,B,D02<HTPf@B?a6DE6D0,4*58
\c:1596094485,s:rPiAIS001*38\!AIVDM,1,1,,A,D02<HTPUpB?a6DE6D0,4*58
\c:1596094485,s:rPiAIS001*38\!AIVDM,1,1,,A,13L?GjS0001UhKfRU8h8h7QL04r8,0*5B
\c:1596094487,s:rPiAIS001*3A\!AIVDM,1,1,,A,402<HTQvAw7Rf1V?`2RS3uw020S:,0*43
\c:1596094489,s:rPiAIS001*34\!AIVDM,1,1,,B,13L?GoP1h11UocHRURJ=?7GT08Lp,0*69
\g:1-2-30716,c:1596094489,s:rPiAIS001*75\!AIVDM,2,1,6,A,8@2<HVh0GhW8nqeMG;ioPhR2FPCEeuFClgl?wnSwe7wvlOwwsAwwnSGm,0*43
\g:2-2-30716*44\!AIVDM,2,2,6,A,wvh0,0*49
\c:1596094491,s:rPiAIS001*3D\!AIVDM,1,1,,B,402<HTQvAw7Rj1V?`0RS3vg020S:,0*5D
\g:1-2-30717,c:1596094491,s:rPiAIS001*7D\!AIVDM,2,1,7,A,53L?GjP1<DVtt`pF2208U<tr222222222222220l10J275mG0:1RE2mH,0*02
\g:2-2-30717*45\!AIVDM,2,2,7,A,888888888888880,2*23
\c:1596094492,s:rPiAIS001*3E\!AIVDM,1,1,,A,33K`MB5P01QUhv>RU:1v1gwV0000,0*4F
\c:1596094494,s:rPiAIS001*38\!AIVDM,1,1,,A,402<HTQvAw7Rm1V?WvRS3w?020S:,0*71
\c:1596094495,s:rPiAIS001*39\!AIVDM,1,1,,B,13L?GjS0001UhKjRU8gjdoQh0D0t,0*07
\c:1596094495,s:rPiAIS001*39\!AIVDM,1,1,,A,ENjEUAb92TV0W22a@;4a::PV0000h>>jAOJQ800000K010,4*32
\c:1596094495,s:rPiAIS001*39\!AIVDM,1,1,,A,ENjEGV09bWVRW@62TU7W0P000000g`jrA0vRp00000K000,4*4C
\c:1596094497,s:rPiAIS001*3B\!AIVDM,1,1,,B,13L?GtPP001Uo1jRUP:h0?wj00S2,0*41
\c:1596094497,s:rPiAIS001*3B\!AIVDM,1,1,,B,402<HTQvAw7Rp1V?`0RS3wg020S:,0*46
\c:1596094499,s:rPiAIS001*35\!AIVDM,1,1,,A,13L?GoP1@01UocHRURJ9r7Gn04r8,0*4A
\c:1596094501,s:rPiAIS001*35\!AIVDM,1,1,,A,402<HTQvAw7S01V?`0RS40g024r<,0*67
\g:1-2-30718,c:1596094503,s:rPiAIS001*78\!AIVDM,2,1,8,A,8@2<HW@0Bkb<B0akj7Si2QRbGRrsGwdFwwwwwwwwwwwwwwwwwwwwwwww,0*39
\g:2-2-30718*4A\!AIVDM,2,2,8,A,wt0,2*2F
\c:1596094504,s:rPiAIS001*30\!AIVDM,1,1,,A,13LBa30000QUd`4RU4n<jiv6082F,0*12
\c:1596094504,s:rPiAIS001*30\!AIVDM,1,1,,B,402<HTQvAw7S31V?`0RS41?024r<,0*3E
\c:1596094505,s:rPiAIS001*31\!AIVDM,1,1,,A,13L?GjS0001UhKnRU8g7HGP<0<0t,0*74
\g:1-2-30719,c:1596094505,s:rPiAIS001*7F\!AIVDM,2,1,9,B,53LAv:000000t`aB220hTiV2222222222222220u1@G5240Ht4E5DRmK,0*56
\g:2-2-30719*4B\!AIVDM,2,2,9,B,EQD4hKE5DRmH880,2*2A
\c:1596094507,s:rPiAIS001*33\!AIVDM,1,1,,A,402<HTQvAw7S61V?`8RS41g024r<,0*68
\c:1596094509,s:rPiAIS001*3D\!AIVDM,1,1,,B,13L?GoP0011UocHRURJ5IoFB0L0j,0*13
\c:1596094510,s:rPiAIS001*35\!AIVDM,1,1,,A,13LBkeP0001UnFFRUMQnrW3p0d0o,0*56
\c:1596094511,s:rPiAIS001*34\!AIVDM,1,1,,B,402<HTQvAw7S:1V?`NRS41?024r<,0*49
\c:1596094514,s:rPiAIS001*31\!AIVDM,1,1,,A,402<HTQvAw7S=1V?`bRS40w024r<,0*28
\g:1-2-30720,c:1596094514,s:rPiAIS001*75\!AIVDM,2,1,1,A,538cHT41u:pGD8mOB21@PE@U>22222222222220l28o794@P0>B@i@TQ,0*48
\g:2-2-30720*41\!AIVDM,2,2,1,A,@BiD`0j8=t`8880,2*19
\c:1596094514,s:rPiAIS001*31\!AIVDM,1,1,,B,D02<HTQlTB?b<`E6D0,4*6A
\c:1596094515,s:rPiAIS001*30\!AIVDM,1,1,,A,D02<HTQd<B?b<`E6D0,4*09
\c:1596094515,s:rPiAIS001*30\!AIVDM,1,1,,B,13L?GjS0001UhKpRU8fpjGPP0@9?,0*5F
\c:1596094517,s:rPiAIS001*32\!AIVDM,1,1,,B,13L?GtPP001Uo1jRUP9h0?vT00Rh,0*26
\c:1596094517,s:rPiAIS001*32\!AIVDM,1,1,,B,402<HTQvAw7S@1V?`hRS40O024r<,0*64
\g:1-2-30721,c:1596094518,s:rPiAIS001*78\!AIVDM,2,1,2,B,53LBWO000000ta98000tThV3<00000000000000n2H63440Ht655DRm@,0*21
\g:2-2-30721*40\!AIVDM,2,2,2,B,000000000000000,2*25
\c:1596094521,s:rPiAIS001*37\!AIVDM,1,1,,B,13LBkeP0001UnFHRUMQnrW3p0PRn,0*0C
\g:1-2-30722,c:1596094521,s:rPiAIS001*71\!AIVDM,2,1,3,A,8@2<HVh0BkJs3PW847Si1PtAR:v:owdVwwwwwwwwwwwwwwwwwwwwwwww,0*59
\g:2-2-30722*43\!AIVDM,2,2,3,A,wt0,2*24
\c:1596094521,s:rPiAIS001*37\!AIVDM,1,1,,A,H3KNcg0584p0000000000000000,2*27
\c:1596094523,s:rPiAIS001*35\!AIVDM,1,1,,A,33L?Jp5000QUdlBRU6JURlVb0Dr:,0*3C
\c:1596094523,s:rPiAIS001*35\!AIVDM,1,1,,A,H3KNcg4U4I138D0?8phjl01@4320,0*53
\c:1596094524,s:rPiAIS001*32\!AIVDM,1,1,,A,13LBa30000QUd`4RU4n4?itf08>9,0*6E
\g:1-2-30723,c:1596094524,s:rPiAIS001*75\!AIVDM,2,1,4,A,8@2<HW@0BkaMJ0a>c7SiTRJeE:scGwdFwwwwwwwwwwwwwwwwwwwwwwww,0*12
\g:2-2-30723*42\!AIVDM,2,2,4,A,wt0,2*23
\c:1596094524,s:rPiAIS001*32\!AIVDM,1,1,,B,402<HTQvAw7SG1V?`tRS3ww024r<,0*07
\c:1596094525,s:rPiAIS001*33\!AIVDM,1,1,,A,13L?GjS0001UhKtRU8fp6oPl0@>k,0*43
\c:1596094527,s:rPiAIS001*31\!AIVDM,1,1,,A,13L?GtPP001Uo1`RUP:P0?vp0@@9,0*03
\c:1596094527,s:rPiAIS001*31\!AIVDM,1,1,,A,402<HTQvAw7SJ1V?`vRS3wg024r<,0*1B
\c:1596094529,s:rPiAIS001*3F\!AIVDM,1,1,,B,13L?GoPvh01UocHRURJ4rGBt08A>,0*7D
\c:1596094531,s:rPiAIS001*36\!AIVDM,1,1,,A,13LBkePOh01UnFHRUMR6rW3p0pB?,0*12
\c:1596094531,s:rPiAIS001*36\!AIVDM,1,1,,B,402<HTQvAw7SN1V?`vRS40O024r<,0*74
\c:1596094534,s:rPiAIS001*33\!AIVDM,1,1,,B,13LBa30000QUd`4RU4n4Iiu20D0b,0*67
\c:1596094534,s:rPiAIS001*33\!AIVDM,1,1,,A,402<HTQvAw7SQ1V?`vRS41?024r<,0*19
\g:1-2-30724,c:1596094534,s:rPiAIS001*73\!AIVDM,2,1,5,B,53L?GtP23guHtbo;;719D@thHTp622222222220t0hG5140Ht7U5DRmK,0*5A
\g:2-2-30724*45\!AIVDM,2,2,5,B,CP@CU0C2KE5DRm@,2*16
\c:1596094537,s:rPiAIS001*30\!AIVDM,1,1,,B,13L?GtPP001Uo1DRUP;00?w<08F3,0*7C
\g:1-2-30725,c:1596094537,s:rPiAIS001*71\!AIVDM,2,1,6,A,53KKdcT2:Vvlta9b22084i@T>04lDhTF222222169`6765uGe:QRE2mH,0*05
\g:2-2-30725*44\!AIVDM,2,2,6,A,888888888888880,2*22
\c:1596094537,s:rPiAIS001*30\!AIVDM,1,1,,B,402<HTQvAw7ST1V?`tRS42?024r<,0*1E
\c:1596094539,s:rPiAIS001*3E\!AIVDM,1,1,,A,13L?GoPv@11UocHRURJ:=7A@00Rq,0*05
\c:1596094541,s:rPiAIS001*31\!AIVDM,1,1,,A,402<HTQvAw7S`1V?`rRS43g024r<,0*76
\c:1596094541,s:rPiAIS001*31\!AIVDM,1,1,,B,13LBkeP0001UnFFRUMR6rW3p0hHP,0*45
\g:1-2-30726,c:1596094542,s:rPiAIS001*70\!AIVDM,2,1,7,A,8@2<HVh0BkNGj0VOsgSiQ@kuN2wrGwdVwwwwwwwwwwwwwwwwwwwwwwww,0*1B
\g:2-2-30726*47\!AIVDM,2,2,7,A,wt0,2*20
\c:1596094544,s:rPiAIS001*34\!AIVDM,1,1,,A,13LBa30000QUd`4RU4n5iiuF04r<,0*5D
\c:1596094544,s:rPiAIS001*34\!AIVDM,1,1,,B,402<HTQvAw7Sc1V?`pRS44w024r<,0*63
\c:1596094544,s:rPiAIS001*34\!AIVDM,1,1,,B,D02<HTPf@B?a6DE6D0,4*58
\c:1596094545,s:rPiAIS001*35\!AIVDM,1,1,,A,D02<HTPUpB?a6DE6D0,4*58
\c:1596094545,s:rPiAIS001*35\!AIVDM,1,1,,A,13L?GjS0001UhL>RU8h`t7QL00R@,0*1C
\c:1596094545,s:rPiAIS001*35\!AIVDM,1,1,,A,33LBQe50001Uc20RU=OqE0oL0Der,0*2D
\c:1596094547,s:rPiAIS001*37\!AIVDM,1,1,,A,33KKdcU000QUccPRUD7eFPWL`Dfr,0*3C
\g:1-2-30727,c:1596094547,s:rPiAIS001*74\!AIVDM,2,1,8,B,53Kch>41lQFLtTtn220dDlV3622222222222220l1H;425v?N655DRmH,0*5C
\g:2-2-30727*46\!AIVDM,2,2,8,B,888888888888880,2*2F
\c:1596094547,s:rPiAIS001*37\!AIVDM,1,1,,A,402<HTQvAw7Sf1V?`pRS46O024r<,0*5F
\c:1596094549,s:rPiAIS001*39\!AIVDM,1,1,,B,13L?GoPvh11UocHRURJ:oGAT04r<,0*71
\c:1596094551,s:rPiAIS001*30\!AIVDM,1,1,,B,402<HTQvAw7Sj1V?`lRS47g024r<,0*65
\c:1596094552,s:rPiAIS001*33\!AIVDM,1,1,,B,B3KJ1H000HIMct`aG>uV;wr5oP06,0*2E
\c:1596094554,s:rPiAIS001*35\!AIVDM,1,1,,A,402<HTQvAw7Sm1V?`jRS48g024r<,0*68
\c:1596094555,s:rPiAIS001*34\!AIVDM,1,1,,A,ENjEUAb92TV0W22a@;4a::PV0000h>>jAOJQ800000K010,4*32
\c:1596094555,s:rPiAIS001*34\!AIVDM,1,1,,B,13L?GjS0001UhLJRU8j8NGQh0@PF,0*2B
\c:1596094555,s:rPiAIS001*34\!AIVDM,1,1,,A,ENjEGV09bWVRW@62TU7W0P000000g`jrA0vRp00000K000,4*4C
\c:1596094556,s:rPiAIS001*37\!AIVDM,1,1,,B,13L?GtPP001Uo1NRUP:h0?wj0@QA,0*64
\c:1596094556,s:rPiAIS001*37\!AIVDM,1,1,,B,33LBWO5P001Ue3JRU6LP0?wh0000,0*13
\c:1596094557,s:rPiAIS001*36\!AIVDM,1,1,,B,402<HTQvAw7Sp1V?`lRS49?024r<,0*29
\c:1596094559,s:rPiAIS001*38\!AIVDM,1,1,,A,13L?GoP0011UocHRURJ8V7An00Sl,0*68
\c:1596094561,s:rPiAIS001*33\!AIVDM,1,1,,B,13LBkeP0001UnFHRUMRFrW5p0h0U,0*40
\c:1596094561,s:rPiAIS001*33\!AIVDM,1,1,,A,402<HTQvAw7T01V?`vRS49g020S:,0*0C
\c:1596094562,s:rPiAIS001*30\!AIVDM,1,1,,A,347u?v5000QUeIHRU?>iVQB00000,0*55
\g:1-2-30728,c:1596094562,s:rPiAIS001*7C\!AIVDM,2,1,9,A,8@2<HVh0BkOrj0W0I7SiRACJJRwr7wdVwwwwwwwwwwwwwwwwwwwwwwww,0*34
\g:2-2-30728*49\!AIVDM,2,2,9,A,wt0,2*2E
\g:1-2-30729,c:1596094562,s:rPiAIS001*7D\!AIVDM,2,1,1,A,53L>r>01BIddt`M`0004`5P0000000000000000l1HG725OE0:QRE2m@,0*25
\g:2-2-30729*48\!AIVDM,2,2,1,A,000000000000000,2*25
\c:1596094564,s:rPiAIS001*36\!AIVDM,1,1,,A,13LBa30001QUd`4RU4n<s1r604r@,0*1C
\c:1596094564,s:rPiAIS001*36\!AIVDM,1,1,,B,402<HTQvAw7T31V?a4RS4:?020S:,0*14
\g:1-2-30730,c:1596094565,s:rPiAIS001*72\!AIVDM,2,1,2,A,8@2<HW@0BkhN`0dq37SiRj8s7bss?wdVwwwwwwwwwwwwwwwwwwwwwwww,0*26
\g:2-2-30730*40\!AIVDM,2,2,2,A,wt0,2*25
\c:1596094565,s:rPiAIS001*37\!AIVDM,1,1,,A,13L?GjS0001UhLJRU8jrKoP<083<,0*7B
\c:1596094566,s:rPiAIS001*34\!AIVDM,1,1,,A,13L?GtPP001Uo1fRUP:P0?v>0L0i,0*67
\c:1596094567,s:rPiAIS001*35\!AIVDM,1,1,,A,402<HTQvAw7T61V?a>RS4:O020S:,0*68
\c:1596094569,s:rPiAIS001*3B\!AIVDM,1,1,,B,13L?GoP1@11UocHRURJ7BWBB0H5F,0*7A
\c:1596094570,s:rPiAIS001*33\!AIVDM,1,1,,A,33KTGT50001UdpjRU62=Cb6B0000,0*5E
\c:1596094571,s:rPiAIS001*32\!AIVDM,1,1,,B,402<HTQvAw7T:1V?aFRS4:O020S:,0*1F
\c:1596094572,s:rPiAIS001*31\!AIVDM,1,1,,A,B3L?dR0008IJ3B8aIgWQ3wV1nDnb,0*1C
\c:1596094574,s:rPiAIS001*37\!AIVDM,1,1,,A,402<HTQvAw7T=1V?aJRS4:O020S:,0*17
\c:1596094574,s:rPiAIS001*37\!AIVDM,1,1,,B,D02<HTQlTB?b<`E6D0,4*6A
\c:1596094575,s:rPiAIS001*36\!AIVDM,1,1,,A,D02<HTQd<B?b<`E6D0,4*09
\c:1596094575,s:rPiAIS001*36\!AIVDM,1,1,,A,ENjEUA;40W5Wh77hHp0000000000lK92A78e8000007P10,4*49
\c:1596094575,s:rPiAIS001*36\!AIVDM,1,1,,A,ENjEUAJaUWV2;4Uh;FPTaP000000rN7rA;Wlp000007P10,4*3B
\c:1596094575,s:rPiAIS001*36\!AIVDM,1,1,,B,13L?GjS0001UhL>RU8k;QWPP0<0t,0*45
\c:1596094575,s:rPiAIS001*36\!AIVDM,1,1,,A,ENjEUBKc0ab90h10V5PW@;FPTaP0qu15A;nqH000007P00,4*4C
\c:1596094576,s:rPiAIS001*35\!AIVDM,1,1,,A,ENjEUB;:V5WVPb0V0h;FPTaP0000qmi5A;:VH000007P00,4*7F
\c:1596094576,s:rPiAIS001*35\!AIVDM,1,1,,B,13L?GtPP001Uo24RUP;@0?vR0<0i,0*38
\c:1596094577,s:rPiAIS001*34\!AIVDM,1,1,,B,402<HTQvAw7T@1V?aNRS4:O020S:,0*6D
\c:1596094578,s:rPiAIS001*3B\!AIVDM,1,1,,B,B3KKWu0008IJWN8aCbSQ3wa1nDAJ,0*2B
\c:1596094580,s:rPiAIS001*3C\!AIVDM,1,1,,B,13LBkeP0001UnFJRUMRFrW5p0p<@,0*43
\c:1596094581,s:rPiAIS001*3D\!AIVDM,1,1,,A,402<HTQvAw7TD1V?aTRS4:?020S:,0*00
\c:1596094584,s:rPiAIS001*38\!AIVDM,1,1,,A,13LBa30000QUd`8RU4n5S1nf04r@,0*74
\c:1596094584,s:rPiAIS001*38\!AIVDM,1,1,,B,402<HTQvAw7TG1V?a`RS49w020S:,0*7F
\c:1596094585,s:rPiAIS001*39\!AIVDM,1,1,,A,13L?GjS0001UhL:RU8jRs7Pl0<0t,0*54
\g:1-2-30731,c:1596094585,s:rPiAIS001*7D\!AIVDM,2,1,3,A,8@2<HW@0Bkf:<0dtu7SiPhia?:stWwdRwwwwwwwwwwwwwwwwwwwwwwww,0*3A
\g:2-2-30731*41\!AIVDM,2,2,3,A,wt0,2*24
\c:1596094587,s:rPiAIS001*3B\!AIVDM,1,1,,B,B3KNcg0008IKrA8a@N<03weUoP06,0*7A
\c:1596094587,s:rPiAIS001*3B\!AIVDM,1,1,,A,13L?GtPP001Uo2<RUP;P0?vp0<0i,0*01
\c:1596094587,s:rPiAIS001*3B\!AIVDM,1,1,,A,402<HTQvAw7TJ1V?a`RS49g020S:,0*61
\c:1596094589,s:rPiAIS001*35\!AIVDM,1,1,,B,13L?GoP0011UocHRURJ;ooDt04r@,0*1F
\c:1596094591,s:rPiAIS001*3C\!AIVDM,1,1,,A,13LBkeP0001UnFJRUMRFrW5p0l0n,0*7E
\c:1596094591,s:rPiAIS001*3C\!AIVDM,1,1,,B,402<HTQvAw7TN1V?aVRS49?020S:,0*08
\c:1596094594,s:rPiAIS001*39\!AIVDM,1,1,,B,13LBa30000QUd`4RU4n9wQo20@Ct,0*17
\c:1596094594,s:rPiAIS001*39\!AIVDM,1,1,,A,402<HTQvAw7TQ1V?aVRS48w020S:,0*5D
\c:1596094597,s:rPiAIS001*3A\!AIVDM,1,1,,B,13L?GtPP001Uo2BRUP;P0?w<04r@,0*52
\c:1596094597,s:rPiAIS001*3A\!AIVDM,1,1,,B,402<HTQvAw7TT1V?aVRS48g020S:,0*4B
\c:1596094599,s:rPiAIS001*34\!AIVDM,1,1,,A,13L?GoPvh01UocHRURJ<UoC>0D0j,0*6B
\c:1596094601,s:rPiAIS001*36\!AIVDM,1,1,,B,13LBkeP0001UnFLRUMRFrW5p0d0n,0*73
\c:1596094602,s:rPiAIS001*35\!AIVDM,1,1,,B,33L>r>5P001UharRU99``wwD0000,0*22
\g:1-2-30732,c:1596094603,s:rPiAIS001*73\!AIVDM,2,1,4,A,8@2<HVh0BkM75P`MKWSj0hSfMRvbowdVwwwwwwwwwwwwwwwwwwwwwwww,0*53
\g:2-2-30732*42\!AIVDM,2,2,4,A,wt0,2*23
\c:1596094604,s:rPiAIS001*33\!AIVDM,1,1,,A,13L?GjS0001UhL0RU8i75GQH0<0t,0*2B
\c:1596094604,s:rPiAIS001*33\!AIVDM,1,1,,A,13LBa30000QUd`4RU4n1;1oF00RR,0*03
\c:1596094604,s:rPiAIS001*33\!AIVDM,1,1,,B,402<HTQvAw7Tc1V?aRRS48O020S:,0*50
\c:1596094604,s:rPiAIS001*33\!AIVDM,1,1,,B,D02<HTPf@B?a6DE6D0,4*58
\c:1596094605,s:rPiAIS001*32\!AIVDM,1,1,,A,D02<HTPUpB?a6DE6D0,4*58
\c:1596094607,s:rPiAIS001*30\!AIVDM,1,1,,A,402<HTQvAw7Tf1V?aNRS48O020S:,0*4A
\c:1596094608,s:rPiAIS001*3F\!AIVDM,1,1,,B,B3KIuKP008IJG98aC?jBOwp5oP06,0*34
\c:1596094609,s:rPiAIS001*3E\!AIVDM,1,1,,B,13L?GoPvh11UocHRURJ5c7CT00S6,0*2F
\g:1-2-30733,c:1596094609,s:rPiAIS001*78\!AIVDM,2,1,5,A,8@2<HVh0GhW8nqeMG;ioPhR2FPCEeuFClgl?wnSwe7wvlOwwsAwwnSGm,0*40
\g:2-2-30733*43\!AIVDM,2,2,5,A,wvh0,0*4A
\c:1596094611,s:rPiAIS001*37\!AIVDM,1,1,,B,402<HTQvAw7Tj1V?aJRS48O020S:,0*41
\c:1596094614,s:rPiAIS001*32\!AIVDM,1,1,,A,402<HTQvAw7Tm1V?aFRS48O020S:,0*49
\c:1596094615,s:rPiAIS001*33\!AIVDM,1,1,,B,13L?GjS0001UhL0RU8h:G7Qh0<0t,0*06
\c:1596094615,s:rPiAIS001*33\!AIVDM,1,1,,A,ENjEUAb92TV0W22a@;4a::PV0000h>>jAOJQ800000K010,4*32
\c:1596094615,s:rPiAIS001*33\!AIVDM,1,1,,A,ENjEGV09bWVRW@62TU7W0P000000g`jrA0vRp00000K000,4*4C
\c:1596094616,s:rPiAIS001*30\!AIVDM,1,1,,B,13L?GtPP001Uo2VRUP<h0?wj0<0i,0*4C
\c:1596094617,s:rPiAIS001*31\!AIVDM,1,1,,B,402<HTQvAw7Tp1V?aBRS48O020S:,0*53
\c:1596094619,s:rPiAIS001*3F\!AIVDM,1,1,,A,33LAv:50001Uo?JRUPu=r1KnP000,0*05
\c:1596094620,s:rPiAIS001*35\!AIVDM,1,1,,B,33LBWGU000QUdvTRU5dr2Acn0P00,0*26
\c:1596094620,s:rPiAIS001*35\!AIVDM,1,1,,A,13L?GoPvh01UocHRURJ0=G@00<0j,0*52
\c:1596094621,s:rPiAIS001*34\!AIVDM,1,1,,B,13LBkeP0001UnFJRUMRFrW5p0d0n,0*75
\c:1596094621,s:rPiAIS001*34\!AIVDM,1,1,,A,402<HTQvAw7U01V?a8RS48?024rD,0*40
\c:1596094623,s:rPiAIS001*36\!AIVDM,1,1,,A,33KvW@5000QUItlRULr99hD40Dab,0*0A
\c:1596094624,s:rPiAIS001*31\!AIVDM,1,1,,A,13LBa30000QUd`4RU4n0Nip600S1,0*22
\c:1596094624,s:rPiAIS001*31\!AIVDM,1,1,,B,402<HTQvAw7U31V?a2RS48?024rD,0*4A
\c:1596094625,s:rPiAIS001*30\!AIVDM,1,1,,A,13L?GjS0001UhL0RU8gPkGP<04rD,0*13
\c:1596094626,s:rPiAIS001*33\!AIVDM,1,1,,A,13L?GtPP001Uo2`RUP:@0?v>0H3p,0*6C
\g:1-2-30734,c:1596094626,s:rPiAIS001*72\!AIVDM,2,1,6,A,8@2<HW@0Bkb<B0akj7Sj2QRaGRrs?wdFwwwwwwwwwwwwwwwwwwwwwwww,0*4F
\g:2-2-30734*44\!AIVDM,2,2,6,A,wt0,2*21
\c:1596094627,s:rPiAIS001*32\!AIVDM,1,1,,A,402<HTQvAw7U61V?`tRS48?024rD,0*0B
\c:1596094631,s:rPiAIS001*35\!AIVDM,1,1,,B,402<HTQvAw7U:1V?`jRS47w024rD,0*5D
\c:1596094634,s:rPiAIS001*30\!AIVDM,1,1,,A,402<HTQvAw7U=1V?`fRS47g024rD,0*45
\c:1596094634,s:rPiAIS001*30\!AIVDM,1,1,,B,D02<HTQlTB?b<`E6D0,4*6A
\c:1596094635,s:rPiAIS001*31\!AIVDM,1,1,,A,D02<HTQd<B?b<`E6D0,4*09
\c:1596094635,s:rPiAIS001*31\!AIVDM,1,1,,B,13L?GjS0001UhL6RU8fo<WPP089?,0*3F
\c:1596094636,s:rPiAIS001*32\!AIVDM,1,1,,B,13L?GtPP001Uo2RRUP8@0?vR089m,0*54
\c:1596094637,s:rPiAIS001*33\!AIVDM,1,1,,B,402<HTQvAw7U@1V?`dRS47?024rD,0*61
\c:1596094638,s:rPiAIS001*3C\!AIVDM,1,1,,A,13L?GoP1@01UocHRURJ4IWBV0@;3,0*17
\c:1596094639,s:rPiAIS001*3D\!AIVDM,1,1,,A,338cHT5P00QUdqlRU?Qh9OvT0DkJ,0*79
\c:1596094641,s:rPiAIS001*32\!AIVDM,1,1,,A,402<HTQvAw7UD1V?`dRS46g024rD,0*3F
\c:1596094644,s:rPiAIS001*37\!AIVDM,1,1,,A,13LBa30001QUd`4RU4n4sQtf00RL,0*0A
\c:1596094644,s:rPiAIS001*37\!AIVDM,1,1,,B,402<HTQvAw7UG1V?`dRS45w024rD,0*2C
\g:1-2-30735,c:1596094644,s:rPiAIS001*77\!AIVDM,2,1,7,A,8@2<HVh0BkJs3PW847Sj1Pt@R:v:gwdVwwwwwwwwwwwwwwwwwwwwwwww,0*57
\g:2-2-30735*45\!AIVDM,2,2,7,A,wt0,2*20
\c:1596094645,s:rPiAIS001*36\!AIVDM,1,1,,A,13L?GjS0001UhL:RU8fV:WPl08>k,0*60
\g:1-2-30736,c:1596094647,s:rPiAIS001*77\!AIVDM,2,1,8,A,8@2<HW@0BkaMJ0a>c7SjTRJfE:sc?wdFwwwwwwwwwwwwwwwwwwwwwwww,0*66
\g:2-2-30736*46\!AIVDM,2,2,8,A,wt0,2*2F
\c:1596094647,s:rPiAIS001*34\!AIVDM,1,1,,A,13L?GtPP001Uo2@RUP8P0?vp08@9,0*5A
\c:1596094647,s:rPiAIS001*34\!AIVDM,1,1,,A,402<HTQvAw7UJ1V?`bRS45O024rD,0*1C
\c:1596094649,s:rPiAIS001*3A\!AIVDM,1,1,,B,13L?GoP0001UocHRURJ8PGBt00S0,0*59
\c:1596094650,s:rPiAIS001*32\!AIVDM,1,1,,B,33Kch>50001Uhl0RU9b4BWDt0Do:,0*62
\c:1596094651,s:rPiAIS001*33\!AIVDM,1,1,,A,13LBkeP0001UnFJRUMRFrW5p0hB?,0*59
\c:1596094651,s:rPiAIS001*33\!AIVDM,1,1,,B,402<HTQvAw7UN1V?`TRS44O024rD,0*2C
\c:1596094654,s:rPiAIS001*36\!AIVDM,1,1,,B,13LBa30000QUd`4RU4n64Qw20<0b,0*5A
\c:1596094654,s:rPiAIS001*36\!AIVDM,1,1,,A,402<HTQvAw7UQ1V?`PRS43w024rD,0*0B
\c:1596094655,s:rPiAIS001*37\!AIVDM,1,1,,B,13L?GjS0001UhL:RU8fqI7Q80HDb,0*01
\c:1596094657,s:rPiAIS001*35\!AIVDM,1,1,,B,402<HTQvAw7UT1V?`LRS43?024rD,0*59
\c:1596094658,s:rPiAIS001*3A\!AIVDM,1,1,,A,33Kcwn50001Ue8BRU6j6jlW:0Dur,0*1C
\c:1596094659,s:rPiAIS001*3B\!AIVDM,1,1,,A,13L?GoP0011UocHRURJ:Q7C>0@Fs,0*45
\c:1596094661,s:rPiAIS001*30\!AIVDM,1,1,,A,402<HTQvAw7U`1V?`HRS41w024rD,0*20
\c:1596094661,s:rPiAIS001*30\!AIVDM,1,1,,B,13LBkeP0001UnFJRUMRFrW5p0`HP,0*37
\c:1596094664,s:rPiAIS001*35\!AIVDM,1,1,,B,402<HTQvAw7Uc1V?`@RS40w024rD,0*29
\c:1596094664,s:rPiAIS001*35\!AIVDM,1,1,,B,D02<HTPf@B?a6DE6D0,4*58
\c:1596094665,s:rPiAIS001*34\!AIVDM,1,1,,A,D02<HTPUpB?a6DE6D0,4*58
\g:1-2-30737,c:1596094665,s:rPiAIS001*76\!AIVDM,2,1,9,A,8@2<HVh0BkNGj0VOsgSjQ@l0QK0:GwdVwwwwwwwwwwwwwwwwwwwwwwww,0*3D
\g:2-2-30737*47\!AIVDM,2,2,9,A,wt0,2*2E
\c:1596094666,s:rPiAIS001*37\!AIVDM,1,1,,A,13L?GtPP001Uo20RUP:00?wN00S2,0*67
\c:1596094667,s:rPiAIS001*36\!AIVDM,1,1,,A,402<HTQvAw7Uf1V?`8RS3ww024rD,0*17
\c:1596094671,s:rPiAIS001*31\!AIVDM,1,1,,B,402<HTQvAw7Uj1V?WrRS3vw024rD,0*64
\c:1596094672,s:rPiAIS001*32\!AIVDM,1,1,,B,33K`MB5P00QUhvFRU:2e5gwV0000,0*21
\c:1596094672,s:rPiAIS001*32\!AIVDM,1,1,,B,13LBa30000QUd`8RU4n4L1uV0@Nn,0*24
\c:1596094674,s:rPiAIS001*34\!AIVDM,1,1,,A,402<HTQvAw7Um1V?WjRS3v?024rD,0*30
\c:1596094675,s:rPiAIS001*35\!AIVDM,1,1,,A,ENjEUAb92TV0W22a@;4a::PV0000h>>jAOJQ800000K010,4*32
\c:1596094675,s:rPiAIS001*35\!AIVDM,1,1,,B,13L?GjS0001UhLHRU8g:FWQh08PF,0*46
\c:1596094675,s:rPiAIS001*35\!AIVDM,1,1,,A,ENjEGV09bWVRW@62TU7W0P000000g`jrA0vRp00000K000,4*4C
\c:1596094676,s:rPiAIS001*36\!AIVDM,1,1,,B,13L?GtPP001Uo1nRUP8P0?wj08QA,0*06
\c:1596094677,s:rPiAIS001*37\!AIVDM,1,1,,B,402<HTQvAw7Up1V?WdRS3uw024rD,0*6B
\c:1596094680,s:rPiAIS001*3F\!AIVDM,1,1,,A,13L?GoP1@01UocHRURJ;ooD00806,0*10
\c:1596094681,s:rPiAIS001*3E\!AIVDM,1,1,,B,13LBkeP0001UnFJRUMRFrW5p0`0U,0*4A
\c:1596094681,s:rPiAIS001*3E\!AIVDM,1,1,,A,402<HTQvAw7V01V?WdRS3uw020S:,0*70
\g:1-2-30738,c:1596094681,s:rPiAIS001*73\!AIVDM,2,1,1,B,53KLmkP1oAmPtU8v221<DThV222222222222220n1@`755s>09QRE2mH,0*43
\g:2-2-30738*48\!AIVDM,2,2,1,B,888888888888880,2*26
\c:1596094684,s:rPiAIS001*3B\!AIVDM,1,1,,B,H3KIuKPlt9V0@T<d00000000000,2*0B
\c:1596094684,s:rPiAIS001*3B\!AIVDM,1,1,,B,402<HTQvAw7V31V?WjRS3vO020S:,0*45
\c:1596094685,s:rPiAIS001*3A\!AIVDM,1,1,,A,13L?GjS0001UhLRRU8gsR7R<00Rb,0*1B
\g:1-2-30739,c:1596094685,s:rPiAIS001*76\!AIVDM,2,1,2,A,8@2<HVh0BkOrj0W0I7SjRACIJS0:7wdVwwwwwwwwwwwwwwwwwwwwwwww,0*31
\g:2-2-30739*49\!AIVDM,2,2,2,A,wt0,2*25
\c:1596094686,s:rPiAIS001*39\!AIVDM,1,1,,A,13L?GtPP001Uo1lRUP800?v>0D0i,0*07
\c:1596094687,s:rPiAIS001*38\!AIVDM,1,1,,A,402<HTQvAw7V61V?WpRS3wO020S:,0*58
\g:1-2-30740,c:1596094688,s:rPiAIS001*75\!AIVDM,2,1,3,A,8@2<HW@0BkhN`0dq37SjRipt7Jss?wdVwwwwwwwwwwwwwwwwwwwwwwww,0*40
\g:2-2-30740*47\!AIVDM,2,2,3,A,wt0,2*24
\c:1596094688,s:rPiAIS001*37\!AIVDM,1,1,,A,H3KI264U0000000?8jlpj00h5310,0*7E
\c:1596094691,s:rPiAIS001*3F\!AIVDM,1,1,,B,402<HTQvAw7V:1V?WpRS3wO020S:,0*57
\g:1-2-30741,c:1596094692,s:rPiAIS001*7F\!AIVDM,2,1,4,B,53L?Jp428cb4t`4N220dUHTlv22222222222220t1P<5240Ht5UQC2m@,0*46
\g:2-2-30741*46\!AIVDM,2,2,4,B,H0DQ@H888888880,2*46
\c:1596094692,s:rPiAIS001*3C\!AIVDM,1,1,,B,33LBa30000QUd`4RU4n1SQvF00>k,0*46
\g:1-2-30742,c:1596094694,s:rPiAIS001*7A\!AIVDM,2,1,5,B,53LBa3800000tWO3?H0pTddthTTp40000000001S104314@Q10888888,0*64
\g:2-2-30742*45\!AIVDM,2,2,5,B,888888888888800,2*2A
\c:1596094694,s:rPiAIS001*3A\!AIVDM,1,1,,A,402<HTQvAw7V=1V?WpRS3wg020S:,0*7B
\c:1596094694,s:rPiAIS001*3A\!AIVDM,1,1,,B,D02<HTQlTB?b<`E6D0,4*6A
\c:1596094695,s:rPiAIS001*3B\!AIVDM,1,1,,A,D02<HTQd<B?b<`E6D0,4*09
\c:1596094695,s:rPiAIS001*3B\!AIVDM,1,1,,B,13L?GjS0001UhLVRU8gdAWRP04rH,0*1A
\c:1596094696,s:rPiAIS001*38\!AIVDM,1,1,,B,13L?GtPP001Uo1fRUP8h0?vR04rH,0*29
\c:1596094697,s:rPiAIS001*39\!AIVDM,1,1,,B,H3KIuKU6D815=UF?8kplh018C440,0*05
\c:1596094697,s:rPiAIS001*39\!AIVDM,1,1,,B,402<HTQvAw7V@1V?WjRS3wg020S:,0*1F
\c:1596094698,s:rPiAIS001*36\!AIVDM,1,1,,A,13L?GoP0001UocHRURJ3=GDV0<0j,0*2D
\c:1596094700,s:rPiAIS001*36\!AIVDM,1,1,,B,13LBkePP@01UnFJRUMRFrW5p0h<@,0*4B
\c:1596094701,s:rPiAIS001*37\!AIVDM,1,1,,A,402<HTQvAw7VD1V?WTRS3wO020S:,0*0E
\c:1596094702,s:rPiAIS001*34\!AIVDM,1,1,,B,33L?Jp5000QUdldRU6D5Rl`b0Dj:,0*59
\c:1596094702,s:rPiAIS001*34\!AIVDM,1,1,,A,13LBa30001QUd`4RU4n<?Avd0@=K,0*46
\g:1-2-30743,c:1596094703,s:rPiAIS001*74\!AIVDM,2,1,6,A,53K`MB029hQ`tLtF221H58l6222222222222220l000005pb0:QRE2mH,0*67
\g:2-2-30743*44\!AIVDM,2,2,6,A,888888888888880,2*22
\c:1596094704,s:rPiAIS001*32\!AIVDM,1,1,,B,402<HTQvAw7VG1V?WFRS3w?020S:,0*6C
\c:1596094705,s:rPiAIS001*33\!AIVDM,1,1,,A,13L?GjS0001UhLRRU8g;0oRl04rH,0*37
\c:1596094707,s:rPiAIS001*31\!AIVDM,1,1,,A,13L?GtPP001Uo1VRUP9@0?vp04rH,0*11
\c:1596094707,s:rPiAIS001*31\!AIVDM,1,1,,A,402<HTQvAw7VJ1V?W8RS3vg020S:,0*45
\g:1-2-30744,c:1596094708,s:rPiAIS001*78\!AIVDM,2,1,7,A,8@2<HW@0Bkf:<0dtu7SjPhif?:t<WwdRwwwwwwwwwwwwwwwwwwwwwwww,0*75
\g:2-2-30744*43\!AIVDM,2,2,7,A,wt0,2*20
\c:1596094709,s:rPiAIS001*3F\!AIVDM,1,1,,B,13L?GoP0001UocHRURJ697Dr0@A4,0*28
\c:1596094711,s:rPiAIS001*36\!AIVDM,1,1,,A,13LBkeP0001UnFJRUMRFrW7p0d0n,0*74
\c:1596094711,s:rPiAIS001*36\!AIVDM,1,1,,B,402<HTQvAw7VN1V?VtRS3uw020S:,0*1C
\c:1596094712,s:rPiAIS001*35\!AIVDM,1,1,,B,H3KKWu0H59@0000000000000000,2*4A
\c:1596094714,s:rPiAIS001*33\!AIVDM,1,1,,A,402<HTQvAw7VQ1V?VnRS3uO020S:,0*22
\c:1596094715,s:rPiAIS001*32\!AIVDM,1,1,,B,13L?GjS0001UhLHRU8fJ4GS80D0u,0*28
\c:1596094717,s:rPiAIS001*30\!AIVDM,1,1,,B,402<HTQvAw7VT1V?VjRS3tg020S:,0*09
\c:1596094719,s:rPiAIS001*3E\!AIVDM,1,1,,A,13L?GoP0001UocHRURJ<4oE>0<0j,0*6A
\c:1596094721,s:rPiAIS001*35\!AIVDM,1,1,,A,402<HTQvAw7V`1V?VlRS3t?020S:,0*60
\c:1596094721,s:rPiAIS001*35\!AIVDM,1,1,,B,13LBkeP0001UnFJRUMRVrW7p0W3h,0*51
\c:1596094721,s:rPiAIS001*35\!AIVDM,1,1,,B,33LBQe50001Uc2DRU=Qqf@oD0Df:,0*54
\c:1596094723,s:rPiAIS001*37\!AIVDM,1,1,,A,13LBa30001QUd`4RU4n=QiwD0@IA,0*5E
\c:1596094724,s:rPiAIS001*30\!AIVDM,1,1,,B,402<HTQvAw7Vc1V?VjRS3t?020S:,0*66
\c:1596094724,s:rPiAIS001*30\!AIVDM,1,1,,B,D02<HTPf@B?a6DE6D0,4*58
\c:1596094725,s:rPiAIS001*31\!AIVDM,1,1,,A,D02<HTPUpB?a6DE6D0,4*58
\c:1596094726,s:rPiAIS001*32\!AIVDM,1,1,,A,13L?GtPP001Uo1dRUP900?wN0HK<,0*5D
\g:1-2-30745,c:1596094726,s:rPiAIS001*75\!AIVDM,2,1,8,A,8@2<HVh0BkM75P`MKWSk0PSLMRw:gwdVwwwwwwwwwwwwwwwwwwwwwwww,0*1D
\g:2-2-30745*42\!AIVDM,2,2,8,A,wt0,2*2F
\c:1596094727,s:rPiAIS001*33\!AIVDM,1,1,,A,402<HTQvAw7Vf1V?VhRS3tg020S:,0*3A
\c:1596094727,s:rPiAIS001*33\!AIVDM,1,1,,B,33KKdcU000QUcd<RUD9uFPWL`DU:,0*31
\g:1-2-30746,c:1596094728,s:rPiAIS001*78\!AIVDM,2,1,9,A,547u?v02@5sLE<``00084i@T>15DDDp0000000153jo??5w70?AAEPCg,0*21
\g:2-2-30746*41\!AIVDM,2,2,9,A,?QRC0Cg?QRE2m@0,2*20
\g:1-2-30747,c:1596094729,s:rPiAIS001*78\!AIVDM,2,1,1,A,8@2<HVh0GhW8nqeMG;ioPhR2FPCEeuFClgl?wnSwe7wvlOwwsAwwnSGm,0*44
\g:2-2-30747*40\!AIVDM,2,2,1,A,wvh0,0*4E
\c:1596094729,s:rPiAIS001*3D\!AIVDM,1,1,,B,13L?GoP0011UocHRURJ9nWCR0D0j,0*1D
\c:1596094731,s:rPiAIS001*34\!AIVDM,1,1,,B,402<HTQvAw7Vj1V?VrRS3tw020S:,0*3F
\c:1596094731,s:rPiAIS001*34\!AIVDM,1,1,,A,B3KJ1H0008IMd2`aG>5V;wqUoP06,0*3F
\c:1596094734,s:rPiAIS001*31\!AIVDM,1,1,,A,402<HTQvAw7Vm1V?VtRS3uO020S:,0*04
\c:1596094735,s:rPiAIS001*30\!AIVDM,1,1,,A,33LBWO5P001Ue3JRU6N@0?wd0000,0*0E
\c:1596094735,s:rPiAIS001*30\!AIVDM,1,1,,A,ENjEUAb92TV0W22a@;4a::PV0000h>>jAOJQ800000K010,4*32
\c:1596094735,s:rPiAIS001*30\!AIVDM,1,1,,B,13L?GjS0001UhL4RU8ec8oSh04rH,0*05
\c:1596094735,s:rPiAIS001*30\!AIVDM,1,1,,A,ENjEGV09bWVRW@62TU7W0P000000g`jrA0vRp00000K000,4*4C
\c:1596094736,s:rPiAIS001*33\!AIVDM,1,1,,B,13L?GtPP001Uo20RUP9h0?wj04rH,0*44
\c:1596094737,s:rPiAIS001*32\!AIVDM,1,1,,B,402<HTQvAw7Vp1V?VtRS3uw020S:,0*22
\c:1596094740,s:rPiAIS001*32\!AIVDM,1,1,,A,13L?GoP0001UocHRURJ;PoB004rL,0*6C
\c:1596094741,s:rPiAIS001*33\!AIVDM,1,1,,B,13LBkePP@01UnFJRUMRFrW5p0W3h,0*53
\c:1596094741,s:rPiAIS001*33\!AIVDM,1,1,,A,402<HTQvAw7W01V?VtRS3vg024rL,0*20
\c:1596094742,s:rPiAIS001*30\!AIVDM,1,1,,B,347u?v5001QUeI4RU?>iVQB00000,0*2B
\c:1596094743,s:rPiAIS001*31\!AIVDM,1,1,,A,13LBa30000QUd`4RU4n;M1v40@2=,0*6B
\c:1596094744,s:rPiAIS001*36\!AIVDM,1,1,,B,402<HTQvAw7W31V?VvRS3vg024rL,0*22
\c:1596094746,s:rPiAIS001*34\!AIVDM,1,1,,A,13L?GtPP001Uo1tRUP:@0?v>0@3p,0*73
\c:1596094747,s:rPiAIS001*35\!AIVDM,1,1,,A,402<HTQvAw7W61V?VvRS3vw024rL,0*34
\c:1596094748,s:rPiAIS001*3A\!AIVDM,1,1,,B,33KTGT50001Udo8RU5mA=J6>0000,0*1A
\g:1-2-30749,c:1596094749,s:rPiAIS001*70\!AIVDM,2,1,3,A,8@2<HW@0Bkb<B0akj7Sk2QR`Dbrs?wdFwwwwwwwwwwwwwwwwwwwwwwww,0*79
\g:2-2-30749*4E\!AIVDM,2,2,3,A,wt0,2*24
\c:1596094751,s:rPiAIS001*32\!AIVDM,1,1,,B,402<HTQvAw7W:1V?W4RS3wO024rL,0*41
