\c:1596064441,s:rPiAIS001*3F\!AIVDM,1,1,,B,13LBkeP0001UnF`RUMSFrW7p0h0t,0*4A
\c:1596064443,s:rPiAIS001*3D\!AIVDM,1,1,,A,13LBa30000QUd`8RU4n6wiv40<0W,0*1C
\c:1596064443,s:rPiAIS001*3D\!AIVDM,1,1,,B,H3KIuKPlt9V0@T<d00000000000,2*0B
\c:1596064444,s:rPiAIS001*3A\!AIVDM,1,1,,B,402<HTQvAvo>31V?UVRS4:O020S:,0*01
\c:1596064445,s:rPiAIS001*3B\!AIVDM,1,1,,A,13L?GjS0001UhL0RU8VM:GN:0@2t,0*72
\c:1596064447,s:rPiAIS001*39\!AIVDM,1,1,,A,402<HTQvAvo>61V?URRS4:g020S:,0*2B
\c:1596064448,s:rPiAIS001*36\!AIVDM,1,1,,A,13L?GtPP001Uo2PRUP8A:gvB084n,0*18
\c:1596064449,s:rPiAIS001*37\!AIVDM,1,1,,B,13L?GoP0001Uoa`RURAbMoFD285N,0*31
\c:1596064451,s:rPiAIS001*3E\!AIVDM,1,1,,B,402<HTQvAvo>:1V?ULRS4:g020S:,0*3A
\c:1596064451,s:rPiAIS001*3E\!AIVDM,1,1,,A,13LBkeP0001UnF`RUMSFrW7p0d0i,0*58
\c:1596064453,s:rPiAIS001*3C\!AIVDM,1,1,,B,33LBa30000QUd`8RU4n=titH00>C,0*7D
\c:1596064454,s:rPiAIS001*3B\!AIVDM,1,1,,B,H3KIuKU6D815=UF?8kplh018C440,0*05
\c:1596064454,s:rPiAIS001*3B\!AIVDM,1,1,,A,402<HTQvAvo>=1V?ULRS4:g020S:,0*3E
\c:1596064454,s:rPiAIS001*3B\!AIVDM,1,1,,B,D02<HTQlTB?b<`E6D0,4*6A
\c:1596064455,s:rPiAIS001*3A\!AIVDM,1,1,,A,D02<HTQd<B?b<`E6D0,4*09
\c:1596064455,s:rPiAIS001*3A\!AIVDM,1,1,,B,13L?GjS0001UhL:RU8VSQ7NN00Rr,0*1C
\g:1-2-26735,c:1596064455,s:rPiAIS001*7D\!AIVDM,2,1,3,B,53LBa3800000tWO3?H0pTddthTTp40000000001S104314@Q10888888,0*62
\g:2-2-26735*42\!AIVDM,2,2,3,B,888888888888800,2*2C
\c:1596064457,s:rPiAIS001*38\!AIVDM,1,1,,B,402<HTQvAvo>@1V?UJRS4:w020S:,0*56
\c:1596064459,s:rPiAIS001*36\!AIVDM,1,1,,A,13L?GoP0011Uob@RURFJEGD`2@;C,0*42
\g:1-2-26736,c:1596064460,s:rPiAIS001*78\!AIVDM,2,1,4,A,8@2<HVh0BkM75P`MKWKVS1k=Jjvbgwdfwwwwwwwwwwwwwwwwwwwwwwww,0*29
\g:2-2-26736*41\!AIVDM,2,2,4,A,wt0,2*23
\c:1596064461,s:rPiAIS001*3D\!AIVDM,1,1,,A,402<HTQvAvo>D1V?UHRS4;?020S:,0*1A
\c:1596064461,s:rPiAIS001*3D\!AIVDM,1,1,,B,13LBkeP0001UnF`RUMSVrW7p0d0i,0*4B
\g:1-2-26737,c:1596064461,s:rPiAIS001*78\!AIVDM,2,1,5,A,8@2<HW@0BkdhF0dcH7KW328q7jtL?wdNwwwwwwwwwwwwwwwwwwwwwwww,0*71
\g:2-2-26737*40\!AIVDM,2,2,5,A,wt0,2*22
\c:1596064462,s:rPiAIS001*3E\!AIVDM,1,1,,B,33L?Jp5000QUdmHRU6MERlbb0Do:,0*0A
\c:1596064463,s:rPiAIS001*3F\!AIVDM,1,1,,A,13LBa30000QUd`8RU4n6Iitb0@=Q,0*01
\c:1596064464,s:rPiAIS001*38\!AIVDM,1,1,,B,402<HTQvAvo>G1V?UHRS4;g020S:,0*42
\c:1596064466,s:rPiAIS001*3A\!AIVDM,1,1,,A,13L?GtPP001Uo26RUP8i:gvn0<0c,0*77
\c:1596064467,s:rPiAIS001*3B\!AIVDM,1,1,,A,402<HTQvAvo>J1V?UJRS4;w020S:,0*5E
\c:1596064469,s:rPiAIS001*35\!AIVDM,1,1,,B,13L?GoP0001Uob@RURFJG7Dt2<0b,0*70
\c:1596064471,s:rPiAIS001*3C\!AIVDM,1,1,,B,402<HTQvAvo>N1V?UPRS4<?020S:,0*0C
\c:1596064471,s:rPiAIS001*3C\!AIVDM,1,1,,A,13LBkeP0001UnF`RUMSFrW7p0pBH,0*1F
\c:1596064471,s:rPiAIS001*3C\!AIVDM,1,1,,B,H3KKWu0H59@0000000000000000,2*4A
\c:1596064473,s:rPiAIS001*3E\!AIVDM,1,1,,A,33LBWO5P001Ue3rRU6LP0?vv0000,0*37
\c:1596064473,s:rPiAIS001*3E\!AIVDM,1,1,,B,13LBa30000QUd`8RU4n:v1u008Ce,0*08
\c:1596064547,s:rPiAIS001*38\!AIVDM,1,1,,A,402<HTQvAvo?f1V?V>RS4<w026pt,0*68
\c:1596064548,s:rPiAIS001*37\!AIVDM,1,1,,A,B3KIuKP008IJGC`aC>FBOwoUoP06,0*47
\c:1596064548,s:rPiAIS001*37\!AIVDM,1,1,,A,13L?GtPP001Uo1nRUP4A:gwP08L<,0*10
\c:1596064550,s:rPiAIS001*3E\!AIVDM,1,1,,A,13LBkeP0001UnFVRUMSFrW7p0d0i,0*6E
\c:1596064551,s:rPiAIS001*3F\!AIVDM,1,1,,B,402<HTQvAvo?j1V?VDRS4=?026pt,0*54
\c:1596064554,s:rPiAIS001*3A\!AIVDM,1,1,,A,402<HTQvAvo?m1V?VJRS4=w026pt,0*16
\c:1596064554,s:rPiAIS001*3A\!AIVDM,1,1,,A,ENjEUAb92TV0W22a@;4a::PV0000h>>jAOJQ800000K010,4*32
\c:1596064554,s:rPiAIS001*3A\!AIVDM,1,1,,A,ENjEGV09bWVRW@62TU7W0P000000g`jrA0vRp00000K000,4*4C
\c:1596064557,s:rPiAIS001*39\!AIVDM,1,1,,B,402<HTQvAvo?p1V?VPRS4>w026pt,0*11
\c:1596064558,s:rPiAIS001*36\!AIVDM,1,1,,A,33KLmkU000QUeNnRU6`r>2Il2000,0*0B
\c:1596064558,s:rPiAIS001*36\!AIVDM,1,1,,B,33LAv:50001Uo>RRUQ0@bQIlP000,0*56
\c:1596064559,s:rPiAIS001*37\!AIVDM,1,1,,A,13L?GoP0011UobpRURDIbG@028S8,0*6B
\c:1596064561,s:rPiAIS001*3C\!AIVDM,1,1,,A,402<HTQvAvo@01V?V`RS4@?020S:,0*40
\c:1596064561,s:rPiAIS001*3C\!AIVDM,1,1,,B,13LBkeP0001UnF`RUMSFrW5p0`0t,0*40
\g:1-2-26745,c:1596064562,s:rPiAIS001*7F\!AIVDM,2,1,4,B,53LBQe41`32ttMHN220U<vm1DddV22222222220l10F465`d0:U5DRmH,0*11
\g:2-2-26745*45\!AIVDM,2,2,4,B,888888888888880,2*23
\g:1-2-26746,c:1596064563,s:rPiAIS001*7D\!AIVDM,2,1,5,A,8@2<HVh0BkQdbhW8wwKWRAKFKrus7wdbwwwwwwwwwwwwwwwwwwwwwwww,0*22
\g:2-2-26746*46\!AIVDM,2,2,5,A,wt0,2*22
\c:1596064563,s:rPiAIS001*3E\!AIVDM,1,1,,A,13LBa30000QUd`8RU4n;@Qr406q0,0*36
\g:1-2-26747,c:1596064564,s:rPiAIS001*7B\!AIVDM,2,1,6,A,8@2<HW@0Bkf:<0dtu7KWRipn6jvrgwdRwwwwwwwwwwwwwwwwwwwwwwww,0*66
\g:2-2-26747*47\!AIVDM,2,2,6,A,wt0,2*21
\c:1596064564,s:rPiAIS001*39\!AIVDM,1,1,,B,402<HTQvAvo@31V?VbRS4@w020S:,0*0A
\c:1596064565,s:rPiAIS001*38\!AIVDM,1,1,,A,13L?GjS0001UhL`RU8cdO7N:082t,0*43
